2025-09-01 22:27:37,952 - speaker_recognition_trainer - INFO - Starting training with config:
2025-09-01 22:27:37,953 - speaker_recognition_trainer - INFO - {
  "seed": 42,
  "device": "cpu",
  "train_dir": "P:/PycharmProjects/pythonProject1/dataset",
  "dev_dir": "P:/PycharmProjects/pythonProject1/devDataset",
  "test_dir": "P:/PycharmProjects/pythonProject1/testDataset",
  "segment_length": 3.0,
  "sampling_rate": 16000,
  "batch_size": 32,
  "num_workers": 4,
  "chaotic_feature_dim": 64,
  "chaotic_dim": 3,
  "trajectory_points": 100,
  "embedding_dim": 256,
  "use_chaotic_embedding": true,
  "use_attractor_pooling": true,
  "system_type": "lorenz",
  "num_epochs": 100,
  "learning_rate": 0.001,
  "weight_decay": 1e-05,
  "lr_patience": 5,
  "ce_weight": 1.0,
  "triplet_weight": 0.1,
  "triplet_margin": 0.2,
  "log_dir": "logs",
  "checkpoint_dir": "checkpoints",
  "output_dir": "output",
  "plot_dir": "plots",
  "log_interval": 10,
  "checkpoint_interval": 5,
  "plot_interval": 5,
  "resume_checkpoint": null,
  "visualize_embeddings": true,
  "max_delay": 100,
  "max_dim": 10,
  "delay_method": "autocorr",
  "mlsa_scales": [
    1,
    2,
    4,
    8,
    16
  ],
  "rqa_threshold": null,
  "pooling_type": "combined",
  "epsilon_range": [
    0.01,
    0.1,
    0.5,
    1.0
  ],
  "use_correlation_dim": true,
  "use_lyapunov_dim": true,
  "use_entropy": true
}
2025-09-01 22:27:37,993 - speaker_recognition_trainer - INFO - Using device: cpu
2025-09-01 22:27:38,089 - speaker_recognition_trainer - INFO - Using feature cache directory: output\preprocessed_cache
2025-09-01 22:27:38,091 - speaker_recognition_trainer - INFO - Creating data loaders...
2025-09-01 22:51:26,418 - speaker_recognition_trainer - INFO - Number of speakers: 149
2025-09-01 22:51:26,419 - speaker_recognition_trainer - INFO - Creating model...
