2025-08-26 16:03:49,023 - root - INFO - Starting training with config:
2025-08-26 16:03:49,024 - root - INFO - {
  "seed": 42,
  "device": "cpu",
  "train_dir": "P:/PycharmProjects/pythonProject1/dataset",
  "dev_dir": "P:/PycharmProjects/pythonProject1/devDataset",
  "test_dir": "P:/PycharmProjects/pythonProject1/testDataset",
  "segment_length": 3.0,
  "sampling_rate": 16000,
  "batch_size": 32,
  "num_workers": 4,
  "chaotic_feature_dim": 64,
  "chaotic_dim": 3,
  "trajectory_points": 100,
  "embedding_dim": 256,
  "use_chaotic_embedding": true,
  "use_attractor_pooling": true,
  "system_type": "lorenz",
  "num_epochs": 100,
  "learning_rate": 0.001,
  "weight_decay": 1e-05,
  "lr_patience": 5,
  "ce_weight": 1.0,
  "triplet_weight": 0.1,
  "triplet_margin": 0.2,
  "log_dir": "logs",
  "checkpoint_dir": "checkpoints",
  "output_dir": "output",
  "plot_dir": "plots",
  "log_interval": 10,
  "checkpoint_interval": 5,
  "plot_interval": 5,
  "resume_checkpoint": null,
  "visualize_embeddings": true,
  "max_delay": 100,
  "max_dim": 10,
  "delay_method": "autocorr",
  "mlsa_scales": [
    1,
    2,
    4,
    8,
    16
  ],
  "rqa_threshold": null,
  "pooling_type": "combined",
  "epsilon_range": [
    0.01,
    0.1,
    0.5,
    1.0
  ],
  "use_correlation_dim": true,
  "use_lyapunov_dim": true,
  "use_entropy": true
}
2025-08-26 16:03:49,025 - root - INFO - Using device: cpu
2025-08-26 16:03:49,730 - root - INFO - Creating data loaders...
2025-08-26 16:41:46,337 - root - INFO - Number of speakers: 149
2025-08-26 16:41:46,337 - root - INFO - Creating model...
2025-08-26 16:42:16,676 - root - INFO - Starting training...
2025-08-26 16:45:13,242 - root - INFO - Epoch 0 [10/314] - Loss: 12.4069, Acc: 0.0000
2025-08-26 16:46:21,939 - root - INFO - Epoch 0 [20/314] - Loss: 11.6860, Acc: 0.0000
2025-08-26 16:47:37,244 - root - INFO - Epoch 0 [30/314] - Loss: 11.3586, Acc: 0.0000
2025-08-26 16:48:28,468 - root - INFO - Epoch 0 [40/314] - Loss: 11.3642, Acc: 0.0000
2025-08-26 16:49:15,892 - root - INFO - Epoch 0 [50/314] - Loss: 11.4221, Acc: 0.0000
2025-08-26 16:50:01,231 - root - INFO - Epoch 0 [60/314] - Loss: 11.1362, Acc: 0.0000
2025-08-26 16:50:46,210 - root - INFO - Epoch 0 [70/314] - Loss: 10.9489, Acc: 0.0000
2025-08-26 16:51:31,125 - root - INFO - Epoch 0 [80/314] - Loss: 10.8206, Acc: 0.0000
2025-08-26 16:52:16,201 - root - INFO - Epoch 0 [90/314] - Loss: 10.8895, Acc: 0.0000
2025-08-26 16:53:01,817 - root - INFO - Epoch 0 [100/314] - Loss: 10.9936, Acc: 0.0000
2025-08-26 16:53:47,078 - root - INFO - Epoch 0 [110/314] - Loss: 10.6809, Acc: 0.0000
2025-08-26 16:54:31,941 - root - INFO - Epoch 0 [120/314] - Loss: 10.6686, Acc: 0.0000
2025-08-26 16:55:16,633 - root - INFO - Epoch 0 [130/314] - Loss: 10.7380, Acc: 0.0000
2025-08-26 16:56:01,482 - root - INFO - Epoch 0 [140/314] - Loss: 10.6651, Acc: 0.0000
2025-08-26 16:56:46,313 - root - INFO - Epoch 0 [150/314] - Loss: 10.8984, Acc: 0.0000
2025-08-26 16:57:31,902 - root - INFO - Epoch 0 [160/314] - Loss: 10.4613, Acc: 0.0000
2025-08-26 16:58:16,712 - root - INFO - Epoch 0 [170/314] - Loss: 10.6042, Acc: 0.0000
2025-08-26 16:59:01,810 - root - INFO - Epoch 0 [180/314] - Loss: 10.2266, Acc: 0.0000
2025-08-26 16:59:46,482 - root - INFO - Epoch 0 [190/314] - Loss: 10.2908, Acc: 0.0000
2025-08-26 17:00:31,067 - root - INFO - Epoch 0 [200/314] - Loss: 10.6669, Acc: 0.0000
2025-08-26 17:01:15,730 - root - INFO - Epoch 0 [210/314] - Loss: 10.2984, Acc: 0.0000
2025-08-26 17:02:00,756 - root - INFO - Epoch 0 [220/314] - Loss: 10.2795, Acc: 0.0000
2025-08-26 17:02:45,587 - root - INFO - Epoch 0 [230/314] - Loss: 10.8633, Acc: 0.0000
2025-08-26 17:03:30,322 - root - INFO - Epoch 0 [240/314] - Loss: 10.6013, Acc: 0.0000
2025-08-26 17:04:15,034 - root - INFO - Epoch 0 [250/314] - Loss: 10.2021, Acc: 0.0000
2025-08-26 17:05:00,749 - root - INFO - Epoch 0 [260/314] - Loss: 10.4186, Acc: 0.0000
2025-08-26 17:05:45,711 - root - INFO - Epoch 0 [270/314] - Loss: 10.0253, Acc: 0.0000
2025-08-26 17:06:30,277 - root - INFO - Epoch 0 [280/314] - Loss: 10.5125, Acc: 0.0000
2025-08-26 17:07:15,975 - root - INFO - Epoch 0 [290/314] - Loss: 10.0633, Acc: 0.0000
2025-08-26 17:08:00,713 - root - INFO - Epoch 0 [300/314] - Loss: 10.2496, Acc: 0.0000
2025-08-26 17:08:45,349 - root - INFO - Epoch 0 [310/314] - Loss: 10.0537, Acc: 0.0000
2025-08-26 17:09:02,096 - root - INFO - Epoch 0 completed - Avg Loss: 10.8608, Avg Acc: 0.0000
2025-08-26 17:12:26,492 - root - INFO - Validation Epoch 0 - Loss: 5.9528, Acc: 0.0000
2025-08-26 17:14:33,417 - root - INFO - Epoch 1 [10/314] - Loss: 10.0881, Acc: 0.0000
2025-08-26 17:15:18,509 - root - INFO - Epoch 1 [20/314] - Loss: 10.1371, Acc: 0.0000
2025-08-26 17:16:03,369 - root - INFO - Epoch 1 [30/314] - Loss: 9.9772, Acc: 0.0000
2025-08-26 17:16:48,540 - root - INFO - Epoch 1 [40/314] - Loss: 10.5066, Acc: 0.0000
2025-08-26 17:17:33,437 - root - INFO - Epoch 1 [50/314] - Loss: 10.7445, Acc: 0.0000
2025-08-26 17:18:18,195 - root - INFO - Epoch 1 [60/314] - Loss: 9.9603, Acc: 0.0000
2025-08-26 17:19:03,097 - root - INFO - Epoch 1 [70/314] - Loss: 10.0271, Acc: 0.0000
2025-08-26 17:19:47,957 - root - INFO - Epoch 1 [80/314] - Loss: 10.4113, Acc: 0.0000
2025-08-26 17:20:33,390 - root - INFO - Epoch 1 [90/314] - Loss: 10.7913, Acc: 0.0000
2025-08-26 17:21:17,992 - root - INFO - Epoch 1 [100/314] - Loss: 10.3565, Acc: 0.0000
2025-08-26 17:22:02,988 - root - INFO - Epoch 1 [110/314] - Loss: 10.7256, Acc: 0.0000
2025-08-26 17:22:47,855 - root - INFO - Epoch 1 [120/314] - Loss: 10.2620, Acc: 0.0000
2025-08-26 17:23:33,329 - root - INFO - Epoch 1 [130/314] - Loss: 10.3354, Acc: 0.0000
2025-08-26 17:24:18,968 - root - INFO - Epoch 1 [140/314] - Loss: 10.2999, Acc: 0.0000
2025-08-26 17:25:04,036 - root - INFO - Epoch 1 [150/314] - Loss: 9.9850, Acc: 0.0000
2025-08-26 17:25:48,814 - root - INFO - Epoch 1 [160/314] - Loss: 10.3264, Acc: 0.0000
2025-08-26 17:26:34,074 - root - INFO - Epoch 1 [170/314] - Loss: 9.8309, Acc: 0.0000
2025-08-26 17:27:19,179 - root - INFO - Epoch 1 [180/314] - Loss: 9.8202, Acc: 0.0000
2025-08-26 17:28:04,115 - root - INFO - Epoch 1 [190/314] - Loss: 9.7398, Acc: 0.0000
2025-08-26 17:28:49,209 - root - INFO - Epoch 1 [200/314] - Loss: 10.0023, Acc: 0.0000
2025-08-26 17:29:34,529 - root - INFO - Epoch 1 [210/314] - Loss: 10.8303, Acc: 0.0000
2025-08-26 17:30:19,916 - root - INFO - Epoch 1 [220/314] - Loss: 9.8352, Acc: 0.0000
2025-08-26 17:31:04,911 - root - INFO - Epoch 1 [230/314] - Loss: 10.3549, Acc: 0.0000
2025-08-26 17:31:51,168 - root - INFO - Epoch 1 [240/314] - Loss: 9.9177, Acc: 0.0000
2025-08-26 17:32:37,130 - root - INFO - Epoch 1 [250/314] - Loss: 9.8659, Acc: 0.0000
2025-08-26 17:33:22,204 - root - INFO - Epoch 1 [260/314] - Loss: 10.7176, Acc: 0.0000
2025-08-26 17:34:07,272 - root - INFO - Epoch 1 [270/314] - Loss: 10.5032, Acc: 0.0000
2025-08-26 17:34:52,214 - root - INFO - Epoch 1 [280/314] - Loss: 9.8453, Acc: 0.0000
2025-08-26 17:35:37,345 - root - INFO - Epoch 1 [290/314] - Loss: 9.8038, Acc: 0.0000
2025-08-26 17:36:21,995 - root - INFO - Epoch 1 [300/314] - Loss: 10.0560, Acc: 0.0000
2025-08-26 17:37:06,387 - root - INFO - Epoch 1 [310/314] - Loss: 10.0056, Acc: 0.0000
2025-08-26 17:37:22,590 - root - INFO - Epoch 1 completed - Avg Loss: 10.2205, Avg Acc: 0.0009
2025-08-26 17:40:51,066 - root - INFO - Validation Epoch 1 - Loss: 6.7084, Acc: 0.0000
2025-08-26 17:43:14,155 - root - INFO - Epoch 2 [10/314] - Loss: 10.2029, Acc: 0.0000
2025-08-26 17:43:59,233 - root - INFO - Epoch 2 [20/314] - Loss: 10.0108, Acc: 0.0312
2025-08-26 17:44:44,052 - root - INFO - Epoch 2 [30/314] - Loss: 9.7502, Acc: 0.0000
2025-08-26 17:45:28,946 - root - INFO - Epoch 2 [40/314] - Loss: 10.3141, Acc: 0.0000
2025-08-26 17:46:13,863 - root - INFO - Epoch 2 [50/314] - Loss: 10.0525, Acc: 0.0000
2025-08-26 17:46:58,826 - root - INFO - Epoch 2 [60/314] - Loss: 10.8624, Acc: 0.0000
2025-08-26 17:47:43,320 - root - INFO - Epoch 2 [70/314] - Loss: 10.0753, Acc: 0.0000
2025-08-26 17:48:28,022 - root - INFO - Epoch 2 [80/314] - Loss: 10.0220, Acc: 0.0000
2025-08-26 17:49:14,155 - root - INFO - Epoch 2 [90/314] - Loss: 9.6381, Acc: 0.0000
2025-08-26 17:49:59,018 - root - INFO - Epoch 2 [100/314] - Loss: 10.2124, Acc: 0.0000
2025-08-26 17:50:43,987 - root - INFO - Epoch 2 [110/314] - Loss: 10.1004, Acc: 0.0000
2025-08-26 17:51:28,931 - root - INFO - Epoch 2 [120/314] - Loss: 9.8773, Acc: 0.0000
2025-08-26 17:52:13,667 - root - INFO - Epoch 2 [130/314] - Loss: 10.1109, Acc: 0.0000
2025-08-26 17:52:58,475 - root - INFO - Epoch 2 [140/314] - Loss: 9.8668, Acc: 0.0000
2025-08-26 17:53:43,117 - root - INFO - Epoch 2 [150/314] - Loss: 9.9057, Acc: 0.0000
2025-08-26 17:54:27,733 - root - INFO - Epoch 2 [160/314] - Loss: 9.9987, Acc: 0.0000
2025-08-26 17:55:12,531 - root - INFO - Epoch 2 [170/314] - Loss: 9.9070, Acc: 0.0000
2025-08-26 17:55:57,406 - root - INFO - Epoch 2 [180/314] - Loss: 9.6095, Acc: 0.0000
2025-08-26 17:56:42,344 - root - INFO - Epoch 2 [190/314] - Loss: 9.4665, Acc: 0.0000
2025-08-26 17:57:27,478 - root - INFO - Epoch 2 [200/314] - Loss: 10.1074, Acc: 0.0000
2025-08-26 17:58:12,379 - root - INFO - Epoch 2 [210/314] - Loss: 9.9067, Acc: 0.0000
2025-08-26 17:58:57,493 - root - INFO - Epoch 2 [220/314] - Loss: 10.2242, Acc: 0.0000
2025-08-26 17:59:42,363 - root - INFO - Epoch 2 [230/314] - Loss: 10.0034, Acc: 0.0000
2025-08-26 18:00:27,003 - root - INFO - Epoch 2 [240/314] - Loss: 10.0317, Acc: 0.0000
2025-08-26 18:01:12,701 - root - INFO - Epoch 2 [250/314] - Loss: 9.8648, Acc: 0.0000
2025-08-26 18:01:57,611 - root - INFO - Epoch 2 [260/314] - Loss: 9.7703, Acc: 0.0000
2025-08-26 18:02:43,395 - root - INFO - Epoch 2 [270/314] - Loss: 9.7415, Acc: 0.0000
2025-08-26 18:03:32,021 - root - INFO - Epoch 2 [280/314] - Loss: 9.7485, Acc: 0.0000
2025-08-26 18:04:17,657 - root - INFO - Epoch 2 [290/314] - Loss: 9.9878, Acc: 0.0000
2025-08-26 18:05:02,812 - root - INFO - Epoch 2 [300/314] - Loss: 9.7239, Acc: 0.0000
2025-08-26 18:05:47,769 - root - INFO - Epoch 2 [310/314] - Loss: 9.8479, Acc: 0.0000
2025-08-26 18:06:04,304 - root - INFO - Epoch 2 completed - Avg Loss: 9.9797, Avg Acc: 0.0031
2025-08-26 18:09:34,318 - root - INFO - Validation Epoch 2 - Loss: 6.8410, Acc: 0.0000
2025-08-26 18:11:29,748 - root - INFO - Epoch 3 [10/314] - Loss: 10.0081, Acc: 0.0000
2025-08-26 18:12:15,709 - root - INFO - Epoch 3 [20/314] - Loss: 9.6921, Acc: 0.0000
2025-08-26 18:13:00,811 - root - INFO - Epoch 3 [30/314] - Loss: 9.9730, Acc: 0.0000
2025-08-26 18:13:45,715 - root - INFO - Epoch 3 [40/314] - Loss: 9.8961, Acc: 0.0000
2025-08-26 18:14:30,401 - root - INFO - Epoch 3 [50/314] - Loss: 9.6638, Acc: 0.0000
2025-08-26 18:15:15,188 - root - INFO - Epoch 3 [60/314] - Loss: 10.4159, Acc: 0.0000
2025-08-26 18:16:00,073 - root - INFO - Epoch 3 [70/314] - Loss: 9.7482, Acc: 0.0000
2025-08-26 18:16:45,050 - root - INFO - Epoch 3 [80/314] - Loss: 10.2995, Acc: 0.0000
2025-08-26 18:17:29,733 - root - INFO - Epoch 3 [90/314] - Loss: 9.9853, Acc: 0.0000
2025-08-26 18:18:14,432 - root - INFO - Epoch 3 [100/314] - Loss: 10.3560, Acc: 0.0000
2025-08-26 18:18:59,395 - root - INFO - Epoch 3 [110/314] - Loss: 9.7056, Acc: 0.0000
2025-08-26 18:19:44,398 - root - INFO - Epoch 3 [120/314] - Loss: 9.9375, Acc: 0.0312
2025-08-26 18:20:29,779 - root - INFO - Epoch 3 [130/314] - Loss: 9.9021, Acc: 0.0000
2025-08-26 18:21:14,520 - root - INFO - Epoch 3 [140/314] - Loss: 10.0137, Acc: 0.0000
2025-08-26 18:21:59,327 - root - INFO - Epoch 3 [150/314] - Loss: 9.8594, Acc: 0.0000
2025-08-26 18:22:44,132 - root - INFO - Epoch 3 [160/314] - Loss: 9.5800, Acc: 0.0312
2025-08-26 18:23:28,960 - root - INFO - Epoch 3 [170/314] - Loss: 9.8115, Acc: 0.0000
2025-08-26 18:24:14,138 - root - INFO - Epoch 3 [180/314] - Loss: 9.7533, Acc: 0.0312
2025-08-26 18:24:59,846 - root - INFO - Epoch 3 [190/314] - Loss: 9.7469, Acc: 0.0000
2025-08-26 18:25:44,743 - root - INFO - Epoch 3 [200/314] - Loss: 9.7489, Acc: 0.0000
2025-08-26 18:26:29,431 - root - INFO - Epoch 3 [210/314] - Loss: 10.2836, Acc: 0.0000
2025-08-26 18:27:14,705 - root - INFO - Epoch 3 [220/314] - Loss: 9.7299, Acc: 0.0000
2025-08-26 18:27:59,869 - root - INFO - Epoch 3 [230/314] - Loss: 10.0648, Acc: 0.0000
2025-08-26 18:28:44,832 - root - INFO - Epoch 3 [240/314] - Loss: 9.9471, Acc: 0.0000
2025-08-26 18:29:30,048 - root - INFO - Epoch 3 [250/314] - Loss: 10.2501, Acc: 0.0000
2025-08-26 18:30:14,928 - root - INFO - Epoch 3 [260/314] - Loss: 10.0225, Acc: 0.0000
2025-08-26 18:31:00,028 - root - INFO - Epoch 3 [270/314] - Loss: 9.6017, Acc: 0.0000
2025-08-26 18:31:45,423 - root - INFO - Epoch 3 [280/314] - Loss: 9.6295, Acc: 0.0000
2025-08-26 18:32:30,561 - root - INFO - Epoch 3 [290/314] - Loss: 9.3842, Acc: 0.0000
2025-08-26 18:33:16,149 - root - INFO - Epoch 3 [300/314] - Loss: 9.4642, Acc: 0.0000
2025-08-26 18:34:01,507 - root - INFO - Epoch 3 [310/314] - Loss: 9.6907, Acc: 0.0000
2025-08-26 18:34:19,072 - root - INFO - Epoch 3 completed - Avg Loss: 9.9056, Avg Acc: 0.0042
2025-08-26 18:37:45,990 - root - INFO - Validation Epoch 3 - Loss: 8.1272, Acc: 0.0000
2025-08-26 18:39:47,066 - root - INFO - Epoch 4 [10/314] - Loss: 9.9010, Acc: 0.0000
2025-08-26 18:40:32,421 - root - INFO - Epoch 4 [20/314] - Loss: 9.6346, Acc: 0.0312
2025-08-26 18:41:17,426 - root - INFO - Epoch 4 [30/314] - Loss: 9.9427, Acc: 0.0000
2025-08-26 18:42:02,661 - root - INFO - Epoch 4 [40/314] - Loss: 10.1300, Acc: 0.0000
2025-08-26 18:42:47,480 - root - INFO - Epoch 4 [50/314] - Loss: 9.8990, Acc: 0.0000
2025-08-26 18:43:32,543 - root - INFO - Epoch 4 [60/314] - Loss: 9.6418, Acc: 0.0000
2025-08-26 18:44:17,592 - root - INFO - Epoch 4 [70/314] - Loss: 9.4215, Acc: 0.0000
2025-08-26 18:45:03,186 - root - INFO - Epoch 4 [80/314] - Loss: 10.1841, Acc: 0.0000
2025-08-26 18:45:48,778 - root - INFO - Epoch 4 [90/314] - Loss: 10.0515, Acc: 0.0000
2025-08-26 18:46:34,853 - root - INFO - Epoch 4 [100/314] - Loss: 9.6694, Acc: 0.0000
2025-08-26 18:47:20,955 - root - INFO - Epoch 4 [110/314] - Loss: 10.4175, Acc: 0.0000
2025-08-26 18:48:07,000 - root - INFO - Epoch 4 [120/314] - Loss: 9.8257, Acc: 0.0000
2025-08-26 18:48:53,764 - root - INFO - Epoch 4 [130/314] - Loss: 9.9915, Acc: 0.0000
2025-08-26 18:49:40,718 - root - INFO - Epoch 4 [140/314] - Loss: 9.4398, Acc: 0.0000
2025-08-26 18:50:27,666 - root - INFO - Epoch 4 [150/314] - Loss: 9.8497, Acc: 0.0000
2025-08-26 18:51:15,011 - root - INFO - Epoch 4 [160/314] - Loss: 9.8609, Acc: 0.0000
2025-08-26 18:52:02,258 - root - INFO - Epoch 4 [170/314] - Loss: 9.7704, Acc: 0.0000
2025-08-26 18:52:49,407 - root - INFO - Epoch 4 [180/314] - Loss: 10.5109, Acc: 0.0000
2025-08-26 18:53:37,215 - root - INFO - Epoch 4 [190/314] - Loss: 9.8293, Acc: 0.0000
2025-08-26 18:54:24,855 - root - INFO - Epoch 4 [200/314] - Loss: 10.0765, Acc: 0.0000
2025-08-26 18:55:13,040 - root - INFO - Epoch 4 [210/314] - Loss: 9.9305, Acc: 0.0000
2025-08-26 18:56:01,248 - root - INFO - Epoch 4 [220/314] - Loss: 10.0654, Acc: 0.0000
2025-08-26 18:56:50,099 - root - INFO - Epoch 4 [230/314] - Loss: 9.1885, Acc: 0.0312
2025-08-26 18:57:39,094 - root - INFO - Epoch 4 [240/314] - Loss: 9.7126, Acc: 0.0000
2025-08-26 18:58:28,193 - root - INFO - Epoch 4 [250/314] - Loss: 9.8527, Acc: 0.0000
2025-08-26 18:59:17,698 - root - INFO - Epoch 4 [260/314] - Loss: 10.3525, Acc: 0.0000
2025-08-26 19:00:06,587 - root - INFO - Epoch 4 [270/314] - Loss: 9.9134, Acc: 0.0000
2025-08-26 19:00:55,782 - root - INFO - Epoch 4 [280/314] - Loss: 9.5606, Acc: 0.0312
2025-08-26 19:01:45,342 - root - INFO - Epoch 4 [290/314] - Loss: 9.6947, Acc: 0.0000
2025-08-26 19:02:35,188 - root - INFO - Epoch 4 [300/314] - Loss: 10.0955, Acc: 0.0000
2025-08-26 19:03:24,989 - root - INFO - Epoch 4 [310/314] - Loss: 9.9277, Acc: 0.0000
2025-08-26 19:03:43,073 - root - INFO - Epoch 4 completed - Avg Loss: 9.8760, Avg Acc: 0.0039
2025-08-26 19:07:22,782 - root - INFO - Validation Epoch 4 - Loss: 7.9781, Acc: 0.0000
2025-08-26 19:07:23,302 - root - INFO - Checkpoint saved at checkpoints\checkpoint_epoch_4.pt
2025-08-26 19:09:30,580 - root - INFO - Epoch 5 [10/314] - Loss: 9.8727, Acc: 0.0000
2025-08-26 19:10:21,759 - root - INFO - Epoch 5 [20/314] - Loss: 10.0588, Acc: 0.0312
2025-08-26 19:11:12,865 - root - INFO - Epoch 5 [30/314] - Loss: 9.6100, Acc: 0.0000
2025-08-26 19:12:03,719 - root - INFO - Epoch 5 [40/314] - Loss: 9.8136, Acc: 0.0000
2025-08-26 19:12:54,923 - root - INFO - Epoch 5 [50/314] - Loss: 10.2686, Acc: 0.0000
2025-08-26 19:13:45,908 - root - INFO - Epoch 5 [60/314] - Loss: 9.7229, Acc: 0.0000
2025-08-26 19:14:37,248 - root - INFO - Epoch 5 [70/314] - Loss: 10.2769, Acc: 0.0000
2025-08-26 19:15:28,493 - root - INFO - Epoch 5 [80/314] - Loss: 10.0728, Acc: 0.0000
2025-08-26 19:16:19,803 - root - INFO - Epoch 5 [90/314] - Loss: 9.9868, Acc: 0.0000
2025-08-26 19:17:11,710 - root - INFO - Epoch 5 [100/314] - Loss: 10.0862, Acc: 0.0000
2025-08-26 19:18:03,277 - root - INFO - Epoch 5 [110/314] - Loss: 9.8283, Acc: 0.0000
2025-08-26 19:18:55,555 - root - INFO - Epoch 5 [120/314] - Loss: 10.3742, Acc: 0.0000
2025-08-26 19:19:47,436 - root - INFO - Epoch 5 [130/314] - Loss: 9.6617, Acc: 0.0312
2025-08-26 19:20:39,613 - root - INFO - Epoch 5 [140/314] - Loss: 9.8438, Acc: 0.0000
2025-08-26 19:21:31,977 - root - INFO - Epoch 5 [150/314] - Loss: 10.0390, Acc: 0.0000
2025-08-26 19:22:24,426 - root - INFO - Epoch 5 [160/314] - Loss: 9.9219, Acc: 0.0000
2025-08-26 19:23:16,800 - root - INFO - Epoch 5 [170/314] - Loss: 10.4409, Acc: 0.0000
2025-08-26 19:24:08,650 - root - INFO - Epoch 5 [180/314] - Loss: 10.1550, Acc: 0.0000
2025-08-26 19:25:01,241 - root - INFO - Epoch 5 [190/314] - Loss: 10.1707, Acc: 0.0000
2025-08-26 19:25:54,028 - root - INFO - Epoch 5 [200/314] - Loss: 9.7641, Acc: 0.0000
2025-08-26 19:26:46,567 - root - INFO - Epoch 5 [210/314] - Loss: 9.9164, Acc: 0.0000
2025-08-26 19:27:38,978 - root - INFO - Epoch 5 [220/314] - Loss: 9.7586, Acc: 0.0000
2025-08-26 19:28:31,939 - root - INFO - Epoch 5 [230/314] - Loss: 9.5416, Acc: 0.0000
2025-08-26 19:29:25,085 - root - INFO - Epoch 5 [240/314] - Loss: 9.4595, Acc: 0.0312
2025-08-26 19:30:18,308 - root - INFO - Epoch 5 [250/314] - Loss: 10.3660, Acc: 0.0000
2025-08-26 19:31:11,564 - root - INFO - Epoch 5 [260/314] - Loss: 9.7480, Acc: 0.0000
2025-08-26 19:32:04,312 - root - INFO - Epoch 5 [270/314] - Loss: 9.7904, Acc: 0.0000
2025-08-26 19:32:57,413 - root - INFO - Epoch 5 [280/314] - Loss: 9.5720, Acc: 0.0625
2025-08-26 19:33:50,467 - root - INFO - Epoch 5 [290/314] - Loss: 9.6830, Acc: 0.0000
2025-08-26 19:34:43,914 - root - INFO - Epoch 5 [300/314] - Loss: 9.7976, Acc: 0.0000
2025-08-26 19:35:37,949 - root - INFO - Epoch 5 [310/314] - Loss: 9.7261, Acc: 0.0000
2025-08-26 19:35:57,395 - root - INFO - Epoch 5 completed - Avg Loss: 9.8492, Avg Acc: 0.0041
2025-08-26 19:39:52,586 - root - INFO - Validation Epoch 5 - Loss: 9.9244, Acc: 0.0000
2025-08-26 19:42:19,198 - root - INFO - Epoch 6 [10/314] - Loss: 10.1522, Acc: 0.0000
2025-08-26 19:43:12,296 - root - INFO - Epoch 6 [20/314] - Loss: 9.7727, Acc: 0.0000
2025-08-26 19:44:05,453 - root - INFO - Epoch 6 [30/314] - Loss: 9.9309, Acc: 0.0312
2025-08-26 19:44:58,822 - root - INFO - Epoch 6 [40/314] - Loss: 10.1069, Acc: 0.0000
2025-08-26 19:45:51,904 - root - INFO - Epoch 6 [50/314] - Loss: 9.6532, Acc: 0.0000
2025-08-26 19:46:45,256 - root - INFO - Epoch 6 [60/314] - Loss: 9.5574, Acc: 0.0000
2025-08-26 19:47:38,201 - root - INFO - Epoch 6 [70/314] - Loss: 9.9019, Acc: 0.0312
2025-08-26 19:48:32,057 - root - INFO - Epoch 6 [80/314] - Loss: 9.8541, Acc: 0.0000
2025-08-26 19:49:25,749 - root - INFO - Epoch 6 [90/314] - Loss: 9.8127, Acc: 0.0000
2025-08-26 19:50:18,059 - root - INFO - Epoch 6 [100/314] - Loss: 9.4464, Acc: 0.0000
2025-08-26 19:51:11,148 - root - INFO - Epoch 6 [110/314] - Loss: 9.8037, Acc: 0.0000
2025-08-26 19:52:03,798 - root - INFO - Epoch 6 [120/314] - Loss: 10.0816, Acc: 0.0000
2025-08-26 19:52:56,955 - root - INFO - Epoch 6 [130/314] - Loss: 9.8752, Acc: 0.0312
2025-08-26 19:53:49,240 - root - INFO - Epoch 6 [140/314] - Loss: 10.3598, Acc: 0.0000
2025-08-26 19:54:40,839 - root - INFO - Epoch 6 [150/314] - Loss: 9.6031, Acc: 0.0000
2025-08-26 19:55:32,716 - root - INFO - Epoch 6 [160/314] - Loss: 9.2084, Acc: 0.0312
2025-08-26 19:56:25,136 - root - INFO - Epoch 6 [170/314] - Loss: 9.8289, Acc: 0.0000
2025-08-26 19:57:18,079 - root - INFO - Epoch 6 [180/314] - Loss: 9.3552, Acc: 0.0625
2025-08-26 19:58:11,150 - root - INFO - Epoch 6 [190/314] - Loss: 10.3464, Acc: 0.0000
2025-08-26 19:59:04,502 - root - INFO - Epoch 6 [200/314] - Loss: 9.7189, Acc: 0.0000
2025-08-26 19:59:57,054 - root - INFO - Epoch 6 [210/314] - Loss: 9.4625, Acc: 0.0000
2025-08-26 20:00:49,701 - root - INFO - Epoch 6 [220/314] - Loss: 10.0527, Acc: 0.0000
2025-08-26 20:01:42,324 - root - INFO - Epoch 6 [230/314] - Loss: 9.3356, Acc: 0.0000
2025-08-26 20:02:35,140 - root - INFO - Epoch 6 [240/314] - Loss: 9.7046, Acc: 0.0000
2025-08-26 20:03:27,979 - root - INFO - Epoch 6 [250/314] - Loss: 9.5615, Acc: 0.0000
2025-08-26 20:04:20,954 - root - INFO - Epoch 6 [260/314] - Loss: 9.8688, Acc: 0.0000
2025-08-26 20:05:14,161 - root - INFO - Epoch 6 [270/314] - Loss: 9.7397, Acc: 0.0000
2025-08-26 20:06:08,126 - root - INFO - Epoch 6 [280/314] - Loss: 9.8374, Acc: 0.0000
2025-08-26 20:07:01,946 - root - INFO - Epoch 6 [290/314] - Loss: 9.9566, Acc: 0.0000
2025-08-26 20:07:55,564 - root - INFO - Epoch 6 [300/314] - Loss: 9.3952, Acc: 0.0625
2025-08-26 20:08:48,175 - root - INFO - Epoch 6 [310/314] - Loss: 9.6168, Acc: 0.0312
2025-08-26 20:09:07,210 - root - INFO - Epoch 6 completed - Avg Loss: 9.8267, Avg Acc: 0.0045
2025-08-26 20:13:03,322 - root - INFO - Validation Epoch 6 - Loss: 9.8182, Acc: 0.0000
2025-08-26 20:15:15,546 - root - INFO - Epoch 7 [10/314] - Loss: 9.4820, Acc: 0.0000
2025-08-26 20:16:09,004 - root - INFO - Epoch 7 [20/314] - Loss: 10.0159, Acc: 0.0000
2025-08-26 20:17:03,436 - root - INFO - Epoch 7 [30/314] - Loss: 9.7316, Acc: 0.0000
2025-08-26 20:17:56,799 - root - INFO - Epoch 7 [40/314] - Loss: 9.5410, Acc: 0.0312
2025-08-26 20:18:50,731 - root - INFO - Epoch 7 [50/314] - Loss: 9.7511, Acc: 0.0000
2025-08-26 20:19:44,969 - root - INFO - Epoch 7 [60/314] - Loss: 9.9096, Acc: 0.0000
2025-08-26 20:20:38,550 - root - INFO - Epoch 7 [70/314] - Loss: 9.5338, Acc: 0.0000
2025-08-26 20:21:32,974 - root - INFO - Epoch 7 [80/314] - Loss: 9.9026, Acc: 0.0000
2025-08-26 20:22:27,440 - root - INFO - Epoch 7 [90/314] - Loss: 10.3202, Acc: 0.0312
2025-08-26 20:23:22,455 - root - INFO - Epoch 7 [100/314] - Loss: 9.4734, Acc: 0.0000
2025-08-26 20:24:16,564 - root - INFO - Epoch 7 [110/314] - Loss: 9.5630, Acc: 0.0000
2025-08-26 20:25:10,905 - root - INFO - Epoch 7 [120/314] - Loss: 10.3937, Acc: 0.0000
2025-08-26 20:26:04,986 - root - INFO - Epoch 7 [130/314] - Loss: 9.7859, Acc: 0.0000
2025-08-26 20:26:59,754 - root - INFO - Epoch 7 [140/314] - Loss: 9.5172, Acc: 0.0000
2025-08-26 20:27:54,090 - root - INFO - Epoch 7 [150/314] - Loss: 10.0038, Acc: 0.0000
2025-08-26 20:28:48,630 - root - INFO - Epoch 7 [160/314] - Loss: 9.5729, Acc: 0.0000
2025-08-26 20:29:43,426 - root - INFO - Epoch 7 [170/314] - Loss: 9.5534, Acc: 0.0000
2025-08-26 20:30:38,021 - root - INFO - Epoch 7 [180/314] - Loss: 10.0899, Acc: 0.0312
2025-08-26 20:31:33,604 - root - INFO - Epoch 7 [190/314] - Loss: 9.5817, Acc: 0.0000
2025-08-26 20:32:27,956 - root - INFO - Epoch 7 [200/314] - Loss: 9.5476, Acc: 0.0000
2025-08-26 20:33:23,202 - root - INFO - Epoch 7 [210/314] - Loss: 9.6556, Acc: 0.0000
2025-08-26 20:34:21,094 - root - INFO - Epoch 7 [220/314] - Loss: 9.9151, Acc: 0.0000
2025-08-26 20:35:16,783 - root - INFO - Epoch 7 [230/314] - Loss: 9.8405, Acc: 0.0000
2025-08-26 20:36:13,086 - root - INFO - Epoch 7 [240/314] - Loss: 9.5918, Acc: 0.0000
2025-08-26 20:37:09,924 - root - INFO - Epoch 7 [250/314] - Loss: 9.3476, Acc: 0.0000
2025-08-26 20:38:05,570 - root - INFO - Epoch 7 [260/314] - Loss: 9.5500, Acc: 0.0000
2025-08-26 20:39:01,298 - root - INFO - Epoch 7 [270/314] - Loss: 9.5133, Acc: 0.0312
2025-08-26 20:39:56,616 - root - INFO - Epoch 7 [280/314] - Loss: 9.9989, Acc: 0.0000
2025-08-26 20:40:51,867 - root - INFO - Epoch 7 [290/314] - Loss: 9.8519, Acc: 0.0000
2025-08-26 20:41:47,948 - root - INFO - Epoch 7 [300/314] - Loss: 9.5178, Acc: 0.0000
2025-08-26 20:42:43,037 - root - INFO - Epoch 7 [310/314] - Loss: 9.4913, Acc: 0.0000
2025-08-26 20:43:02,802 - root - INFO - Epoch 7 completed - Avg Loss: 9.7286, Avg Acc: 0.0047
2025-08-26 20:46:59,998 - root - INFO - Validation Epoch 7 - Loss: 8.4341, Acc: 0.0000
2025-08-26 20:49:08,357 - root - INFO - Epoch 8 [10/314] - Loss: 9.6859, Acc: 0.0000
2025-08-26 20:50:04,274 - root - INFO - Epoch 8 [20/314] - Loss: 9.4364, Acc: 0.0312
2025-08-26 20:50:59,732 - root - INFO - Epoch 8 [30/314] - Loss: 9.3829, Acc: 0.0312
2025-08-26 20:51:55,096 - root - INFO - Epoch 8 [40/314] - Loss: 9.5946, Acc: 0.0312
2025-08-26 20:52:51,184 - root - INFO - Epoch 8 [50/314] - Loss: 9.9568, Acc: 0.0000
2025-08-26 20:53:46,631 - root - INFO - Epoch 8 [60/314] - Loss: 9.5456, Acc: 0.0312
2025-08-26 20:54:42,033 - root - INFO - Epoch 8 [70/314] - Loss: 9.4888, Acc: 0.0000
2025-08-26 20:55:37,632 - root - INFO - Epoch 8 [80/314] - Loss: 9.9549, Acc: 0.0000
2025-08-26 20:56:33,221 - root - INFO - Epoch 8 [90/314] - Loss: 9.7079, Acc: 0.0000
2025-08-26 20:57:29,670 - root - INFO - Epoch 8 [100/314] - Loss: 9.3912, Acc: 0.0312
2025-08-26 20:58:25,570 - root - INFO - Epoch 8 [110/314] - Loss: 9.7178, Acc: 0.0000
2025-08-26 20:59:21,605 - root - INFO - Epoch 8 [120/314] - Loss: 10.3650, Acc: 0.0000
2025-08-26 21:00:17,340 - root - INFO - Epoch 8 [130/314] - Loss: 9.7127, Acc: 0.0000
2025-08-26 21:01:13,249 - root - INFO - Epoch 8 [140/314] - Loss: 9.5200, Acc: 0.0000
2025-08-26 21:02:09,277 - root - INFO - Epoch 8 [150/314] - Loss: 10.0405, Acc: 0.0000
2025-08-26 21:03:05,270 - root - INFO - Epoch 8 [160/314] - Loss: 9.5011, Acc: 0.0000
2025-08-26 21:04:01,289 - root - INFO - Epoch 8 [170/314] - Loss: 9.6955, Acc: 0.0000
2025-08-26 21:04:57,710 - root - INFO - Epoch 8 [180/314] - Loss: 10.1413, Acc: 0.0000
2025-08-26 21:05:53,546 - root - INFO - Epoch 8 [190/314] - Loss: 9.5644, Acc: 0.0000
2025-08-26 21:06:50,012 - root - INFO - Epoch 8 [200/314] - Loss: 10.2987, Acc: 0.0000
2025-08-26 21:07:47,084 - root - INFO - Epoch 8 [210/314] - Loss: 9.5187, Acc: 0.0312
2025-08-26 21:08:43,309 - root - INFO - Epoch 8 [220/314] - Loss: 11.4730, Acc: 0.0000
2025-08-26 21:09:38,812 - root - INFO - Epoch 8 [230/314] - Loss: 11.4985, Acc: 0.0000
2025-08-26 21:10:34,013 - root - INFO - Epoch 8 [240/314] - Loss: 13.2692, Acc: 0.0000
2025-08-26 21:11:28,982 - root - INFO - Epoch 8 [250/314] - Loss: 10.2766, Acc: 0.0000
2025-08-26 21:12:22,885 - root - INFO - Epoch 8 [260/314] - Loss: 10.3424, Acc: 0.0000
2025-08-26 21:13:17,409 - root - INFO - Epoch 8 [270/314] - Loss: 10.3851, Acc: 0.0000
2025-08-26 21:14:12,763 - root - INFO - Epoch 8 [280/314] - Loss: 9.8210, Acc: 0.0000
2025-08-26 21:15:07,023 - root - INFO - Epoch 8 [290/314] - Loss: 10.2343, Acc: 0.0000
2025-08-26 21:16:00,999 - root - INFO - Epoch 8 [300/314] - Loss: 9.7507, Acc: 0.0000
2025-08-26 21:16:54,966 - root - INFO - Epoch 8 [310/314] - Loss: 9.7281, Acc: 0.0000
2025-08-26 21:17:14,173 - root - INFO - Epoch 8 completed - Avg Loss: 9.9481, Avg Acc: 0.0034
2025-08-26 21:21:03,677 - root - INFO - Validation Epoch 8 - Loss: 7.5695, Acc: 0.0000
2025-08-26 21:23:09,897 - root - INFO - Epoch 9 [10/314] - Loss: 9.9901, Acc: 0.0000
2025-08-26 21:24:05,004 - root - INFO - Epoch 9 [20/314] - Loss: 9.9458, Acc: 0.0000
2025-08-26 21:24:59,158 - root - INFO - Epoch 9 [30/314] - Loss: 9.8422, Acc: 0.0000
2025-08-26 21:25:54,017 - root - INFO - Epoch 9 [40/314] - Loss: 9.8796, Acc: 0.0000
2025-08-26 21:26:48,849 - root - INFO - Epoch 9 [50/314] - Loss: 9.3626, Acc: 0.0000
2025-08-26 21:27:42,660 - root - INFO - Epoch 9 [60/314] - Loss: 9.4817, Acc: 0.0000
2025-08-26 21:28:36,566 - root - INFO - Epoch 9 [70/314] - Loss: 9.9319, Acc: 0.0000
2025-08-26 21:29:31,154 - root - INFO - Epoch 9 [80/314] - Loss: 9.4166, Acc: 0.0312
2025-08-26 21:30:24,975 - root - INFO - Epoch 9 [90/314] - Loss: 9.4850, Acc: 0.0312
2025-08-26 21:31:19,365 - root - INFO - Epoch 9 [100/314] - Loss: 9.6071, Acc: 0.0312
2025-08-26 21:32:14,724 - root - INFO - Epoch 9 [110/314] - Loss: 9.7694, Acc: 0.0000
2025-08-26 21:33:09,539 - root - INFO - Epoch 9 [120/314] - Loss: 9.7543, Acc: 0.0000
2025-08-26 21:34:03,727 - root - INFO - Epoch 9 [130/314] - Loss: 9.7140, Acc: 0.0000
2025-08-26 21:34:57,994 - root - INFO - Epoch 9 [140/314] - Loss: 9.9498, Acc: 0.0000
2025-08-26 21:35:51,821 - root - INFO - Epoch 9 [150/314] - Loss: 9.8692, Acc: 0.0000
2025-08-26 21:36:46,102 - root - INFO - Epoch 9 [160/314] - Loss: 9.8979, Acc: 0.0000
2025-08-26 21:37:40,544 - root - INFO - Epoch 9 [170/314] - Loss: 9.9800, Acc: 0.0000
2025-08-26 21:38:35,090 - root - INFO - Epoch 9 [180/314] - Loss: 9.7499, Acc: 0.0000
2025-08-26 21:39:30,074 - root - INFO - Epoch 9 [190/314] - Loss: 9.9434, Acc: 0.0000
2025-08-26 21:40:25,005 - root - INFO - Epoch 9 [200/314] - Loss: 9.7889, Acc: 0.0000
2025-08-26 21:41:19,949 - root - INFO - Epoch 9 [210/314] - Loss: 10.3725, Acc: 0.0000
2025-08-26 21:42:14,876 - root - INFO - Epoch 9 [220/314] - Loss: 9.8694, Acc: 0.0000
2025-08-26 21:43:09,891 - root - INFO - Epoch 9 [230/314] - Loss: 9.7028, Acc: 0.0000
2025-08-26 21:44:05,417 - root - INFO - Epoch 9 [240/314] - Loss: 9.8157, Acc: 0.0000
2025-08-26 21:45:01,456 - root - INFO - Epoch 9 [250/314] - Loss: 9.8624, Acc: 0.0000
2025-08-26 21:45:57,641 - root - INFO - Epoch 9 [260/314] - Loss: 9.7411, Acc: 0.0000
2025-08-26 21:46:54,163 - root - INFO - Epoch 9 [270/314] - Loss: 9.8906, Acc: 0.0000
2025-08-26 21:47:49,550 - root - INFO - Epoch 9 [280/314] - Loss: 9.7847, Acc: 0.0000
2025-08-26 21:48:44,404 - root - INFO - Epoch 9 [290/314] - Loss: 9.4043, Acc: 0.0000
2025-08-26 21:49:39,268 - root - INFO - Epoch 9 [300/314] - Loss: 9.8983, Acc: 0.0000
2025-08-26 21:50:34,003 - root - INFO - Epoch 9 [310/314] - Loss: 9.7898, Acc: 0.0000
2025-08-26 21:50:53,650 - root - INFO - Epoch 9 completed - Avg Loss: 9.7567, Avg Acc: 0.0045
2025-08-26 21:54:45,088 - root - INFO - Validation Epoch 9 - Loss: 8.1688, Acc: 0.0000
2025-08-26 21:54:45,564 - root - INFO - Checkpoint saved at checkpoints\checkpoint_epoch_9.pt
2025-08-26 21:57:12,826 - root - INFO - Epoch 10 [10/314] - Loss: 9.8715, Acc: 0.0000
2025-08-26 21:58:08,367 - root - INFO - Epoch 10 [20/314] - Loss: 9.7279, Acc: 0.0000
2025-08-26 21:59:03,336 - root - INFO - Epoch 10 [30/314] - Loss: 9.5802, Acc: 0.0000
2025-08-26 21:59:58,295 - root - INFO - Epoch 10 [40/314] - Loss: 9.4691, Acc: 0.0000
2025-08-26 22:00:53,300 - root - INFO - Epoch 10 [50/314] - Loss: 10.0207, Acc: 0.0000
2025-08-26 22:01:48,712 - root - INFO - Epoch 10 [60/314] - Loss: 9.7355, Acc: 0.0000
2025-08-26 22:02:43,543 - root - INFO - Epoch 10 [70/314] - Loss: 9.0651, Acc: 0.0000
2025-08-26 22:03:38,417 - root - INFO - Epoch 10 [80/314] - Loss: 9.8148, Acc: 0.0000
2025-08-26 22:04:33,993 - root - INFO - Epoch 10 [90/314] - Loss: 9.4338, Acc: 0.0000
2025-08-26 22:05:29,169 - root - INFO - Epoch 10 [100/314] - Loss: 9.4161, Acc: 0.0000
2025-08-26 22:06:24,054 - root - INFO - Epoch 10 [110/314] - Loss: 9.4326, Acc: 0.0000
2025-08-26 22:07:19,694 - root - INFO - Epoch 10 [120/314] - Loss: 9.7932, Acc: 0.0000
2025-08-26 22:08:15,231 - root - INFO - Epoch 10 [130/314] - Loss: 9.3785, Acc: 0.0312
2025-08-26 22:09:10,840 - root - INFO - Epoch 10 [140/314] - Loss: 9.1707, Acc: 0.0000
2025-08-26 22:10:05,801 - root - INFO - Epoch 10 [150/314] - Loss: 9.2428, Acc: 0.0000
2025-08-26 22:11:03,993 - root - INFO - Epoch 10 [160/314] - Loss: 9.3218, Acc: 0.0000
2025-08-26 22:11:58,939 - root - INFO - Epoch 10 [170/314] - Loss: 8.8847, Acc: 0.0000
2025-08-26 22:12:54,692 - root - INFO - Epoch 10 [180/314] - Loss: 9.5701, Acc: 0.0000
2025-08-26 22:13:50,082 - root - INFO - Epoch 10 [190/314] - Loss: 9.5416, Acc: 0.0312
2025-08-26 22:14:45,366 - root - INFO - Epoch 10 [200/314] - Loss: 9.4413, Acc: 0.0000
2025-08-26 22:15:40,628 - root - INFO - Epoch 10 [210/314] - Loss: 9.4975, Acc: 0.0000
2025-08-26 22:16:35,747 - root - INFO - Epoch 10 [220/314] - Loss: 9.0895, Acc: 0.0938
2025-08-26 22:17:36,546 - root - INFO - Epoch 10 [230/314] - Loss: 9.4086, Acc: 0.0000
2025-08-26 22:18:31,907 - root - INFO - Epoch 10 [240/314] - Loss: 9.3419, Acc: 0.0312
2025-08-26 22:19:27,371 - root - INFO - Epoch 10 [250/314] - Loss: 8.7568, Acc: 0.0000
2025-08-26 22:20:22,049 - root - INFO - Epoch 10 [260/314] - Loss: 8.8139, Acc: 0.0000
2025-08-26 22:21:17,656 - root - INFO - Epoch 10 [270/314] - Loss: 9.4303, Acc: 0.0312
2025-08-26 22:22:14,706 - root - INFO - Epoch 10 [280/314] - Loss: 9.2133, Acc: 0.0312
2025-08-26 22:23:10,226 - root - INFO - Epoch 10 [290/314] - Loss: 9.4712, Acc: 0.0000
2025-08-26 22:24:05,308 - root - INFO - Epoch 10 [300/314] - Loss: 8.9556, Acc: 0.0000
2025-08-26 22:24:59,654 - root - INFO - Epoch 10 [310/314] - Loss: 9.1579, Acc: 0.0000
2025-08-26 22:25:19,661 - root - INFO - Epoch 10 completed - Avg Loss: 9.4322, Avg Acc: 0.0044
2025-08-26 22:29:21,057 - root - INFO - Validation Epoch 10 - Loss: 12.2719, Acc: 0.0000
2025-08-26 22:31:54,118 - root - INFO - Epoch 11 [10/314] - Loss: 9.2860, Acc: 0.0000
2025-08-26 22:32:49,620 - root - INFO - Epoch 11 [20/314] - Loss: 9.2649, Acc: 0.0000
2025-08-26 22:33:44,612 - root - INFO - Epoch 11 [30/314] - Loss: 9.1683, Acc: 0.0000
2025-08-26 22:34:39,862 - root - INFO - Epoch 11 [40/314] - Loss: 8.7463, Acc: 0.0000
2025-08-26 22:35:34,595 - root - INFO - Epoch 11 [50/314] - Loss: 8.9798, Acc: 0.0000
2025-08-26 22:36:29,297 - root - INFO - Epoch 11 [60/314] - Loss: 8.6696, Acc: 0.0312
2025-08-26 22:37:25,165 - root - INFO - Epoch 11 [70/314] - Loss: 9.8226, Acc: 0.0000
2025-08-26 22:38:20,399 - root - INFO - Epoch 11 [80/314] - Loss: 8.8594, Acc: 0.0000
2025-08-26 22:39:15,864 - root - INFO - Epoch 11 [90/314] - Loss: 9.8012, Acc: 0.0000
2025-08-26 22:40:10,840 - root - INFO - Epoch 11 [100/314] - Loss: 9.4265, Acc: 0.0000
2025-08-26 22:41:06,121 - root - INFO - Epoch 11 [110/314] - Loss: 9.0616, Acc: 0.0000
2025-08-26 22:42:01,027 - root - INFO - Epoch 11 [120/314] - Loss: 8.7997, Acc: 0.0000
2025-08-26 22:42:55,724 - root - INFO - Epoch 11 [130/314] - Loss: 9.0556, Acc: 0.0000
2025-08-26 22:43:50,899 - root - INFO - Epoch 11 [140/314] - Loss: 9.5707, Acc: 0.0000
2025-08-26 22:44:45,539 - root - INFO - Epoch 11 [150/314] - Loss: 8.8197, Acc: 0.0000
2025-08-26 22:45:40,863 - root - INFO - Epoch 11 [160/314] - Loss: 9.0608, Acc: 0.0000
2025-08-26 22:46:35,988 - root - INFO - Epoch 11 [170/314] - Loss: 9.0710, Acc: 0.0000
2025-08-26 22:47:30,760 - root - INFO - Epoch 11 [180/314] - Loss: 8.6791, Acc: 0.0000
2025-08-26 22:48:25,703 - root - INFO - Epoch 11 [190/314] - Loss: 8.5765, Acc: 0.0000
2025-08-26 22:49:20,988 - root - INFO - Epoch 11 [200/314] - Loss: 9.6908, Acc: 0.0312
2025-08-26 22:50:16,843 - root - INFO - Epoch 11 [210/314] - Loss: 8.7242, Acc: 0.0000
2025-08-26 22:51:12,542 - root - INFO - Epoch 11 [220/314] - Loss: 9.1323, Acc: 0.0312
2025-08-26 22:52:08,192 - root - INFO - Epoch 11 [230/314] - Loss: 9.1796, Acc: 0.0000
2025-08-26 22:53:03,762 - root - INFO - Epoch 11 [240/314] - Loss: 9.3235, Acc: 0.0000
2025-08-26 22:53:59,598 - root - INFO - Epoch 11 [250/314] - Loss: 8.8527, Acc: 0.0312
2025-08-26 22:54:54,872 - root - INFO - Epoch 11 [260/314] - Loss: 9.0676, Acc: 0.0000
2025-08-26 22:55:50,943 - root - INFO - Epoch 11 [270/314] - Loss: 9.4060, Acc: 0.0000
2025-08-26 22:56:46,558 - root - INFO - Epoch 11 [280/314] - Loss: 9.3815, Acc: 0.0000
2025-08-26 22:57:42,251 - root - INFO - Epoch 11 [290/314] - Loss: 8.8066, Acc: 0.0312
2025-08-26 22:58:38,162 - root - INFO - Epoch 11 [300/314] - Loss: 9.1260, Acc: 0.0000
2025-08-26 22:59:32,747 - root - INFO - Epoch 11 [310/314] - Loss: 9.4030, Acc: 0.0000
2025-08-26 22:59:52,551 - root - INFO - Epoch 11 completed - Avg Loss: 9.0810, Avg Acc: 0.0085
2025-08-26 23:04:56,365 - root - INFO - Validation Epoch 11 - Loss: 12.8257, Acc: 0.0000
2025-08-26 23:07:54,993 - root - INFO - Epoch 12 [10/314] - Loss: 9.2450, Acc: 0.0000
2025-08-26 23:08:51,172 - root - INFO - Epoch 12 [20/314] - Loss: 8.5456, Acc: 0.0000
2025-08-26 23:09:47,053 - root - INFO - Epoch 12 [30/314] - Loss: 9.1966, Acc: 0.0000
2025-08-26 23:10:42,074 - root - INFO - Epoch 12 [40/314] - Loss: 8.9176, Acc: 0.0000
2025-08-26 23:11:41,523 - root - INFO - Epoch 12 [50/314] - Loss: 9.0932, Acc: 0.0000
2025-08-26 23:12:36,369 - root - INFO - Epoch 12 [60/314] - Loss: 9.2486, Acc: 0.0000
2025-08-26 23:13:31,561 - root - INFO - Epoch 12 [70/314] - Loss: 8.9672, Acc: 0.0000
2025-08-26 23:14:26,762 - root - INFO - Epoch 12 [80/314] - Loss: 8.4983, Acc: 0.0625
2025-08-26 23:15:21,634 - root - INFO - Epoch 12 [90/314] - Loss: 9.1922, Acc: 0.0000
2025-08-26 23:16:16,471 - root - INFO - Epoch 12 [100/314] - Loss: 8.6659, Acc: 0.0312
2025-08-26 23:17:11,624 - root - INFO - Epoch 12 [110/314] - Loss: 9.4928, Acc: 0.0000
2025-08-26 23:18:06,567 - root - INFO - Epoch 12 [120/314] - Loss: 8.7750, Acc: 0.0312
2025-08-26 23:19:01,898 - root - INFO - Epoch 12 [130/314] - Loss: 9.0803, Acc: 0.0000
2025-08-26 23:19:56,896 - root - INFO - Epoch 12 [140/314] - Loss: 8.6001, Acc: 0.0312
2025-08-26 23:20:52,567 - root - INFO - Epoch 12 [150/314] - Loss: 9.4073, Acc: 0.0312
2025-08-26 23:21:48,041 - root - INFO - Epoch 12 [160/314] - Loss: 9.2248, Acc: 0.0312
2025-08-26 23:22:43,947 - root - INFO - Epoch 12 [170/314] - Loss: 9.1584, Acc: 0.0312
2025-08-26 23:23:39,281 - root - INFO - Epoch 12 [180/314] - Loss: 9.2432, Acc: 0.0000
2025-08-26 23:24:34,647 - root - INFO - Epoch 12 [190/314] - Loss: 8.6542, Acc: 0.0000
2025-08-26 23:25:31,159 - root - INFO - Epoch 12 [200/314] - Loss: 9.1730, Acc: 0.0000
2025-08-26 23:26:26,940 - root - INFO - Epoch 12 [210/314] - Loss: 9.1827, Acc: 0.0000
2025-08-26 23:27:23,338 - root - INFO - Epoch 12 [220/314] - Loss: 8.9126, Acc: 0.0000
2025-08-26 23:28:19,077 - root - INFO - Epoch 12 [230/314] - Loss: 8.6179, Acc: 0.0625
2025-08-26 23:29:14,947 - root - INFO - Epoch 12 [240/314] - Loss: 8.7011, Acc: 0.0312
2025-08-26 23:30:11,171 - root - INFO - Epoch 12 [250/314] - Loss: 8.7832, Acc: 0.0000
2025-08-26 23:31:07,435 - root - INFO - Epoch 12 [260/314] - Loss: 8.6274, Acc: 0.0000
2025-08-26 23:32:03,561 - root - INFO - Epoch 12 [270/314] - Loss: 8.7634, Acc: 0.0312
2025-08-26 23:33:00,015 - root - INFO - Epoch 12 [280/314] - Loss: 8.2792, Acc: 0.0312
2025-08-26 23:33:56,206 - root - INFO - Epoch 12 [290/314] - Loss: 8.8874, Acc: 0.0000
2025-08-26 23:34:51,951 - root - INFO - Epoch 12 [300/314] - Loss: 8.5056, Acc: 0.0312
2025-08-26 23:35:48,111 - root - INFO - Epoch 12 [310/314] - Loss: 8.4600, Acc: 0.0000
2025-08-26 23:36:08,435 - root - INFO - Epoch 12 completed - Avg Loss: 8.9173, Avg Acc: 0.0130
2025-08-26 23:40:09,208 - root - INFO - Validation Epoch 12 - Loss: 14.0888, Acc: 0.0000
2025-08-26 23:42:22,445 - root - INFO - Epoch 13 [10/314] - Loss: 8.8701, Acc: 0.0000
2025-08-26 23:43:18,773 - root - INFO - Epoch 13 [20/314] - Loss: 8.4445, Acc: 0.0312
2025-08-26 23:44:14,754 - root - INFO - Epoch 13 [30/314] - Loss: 8.7494, Acc: 0.0312
2025-08-26 23:45:11,046 - root - INFO - Epoch 13 [40/314] - Loss: 8.4323, Acc: 0.0312
2025-08-26 23:46:07,710 - root - INFO - Epoch 13 [50/314] - Loss: 8.4421, Acc: 0.0000
2025-08-26 23:47:03,852 - root - INFO - Epoch 13 [60/314] - Loss: 8.6552, Acc: 0.0000
2025-08-26 23:47:59,709 - root - INFO - Epoch 13 [70/314] - Loss: 8.2588, Acc: 0.0312
2025-08-26 23:48:55,150 - root - INFO - Epoch 13 [80/314] - Loss: 8.3401, Acc: 0.0312
2025-08-26 23:49:51,230 - root - INFO - Epoch 13 [90/314] - Loss: 8.6923, Acc: 0.0312
2025-08-26 23:50:47,013 - root - INFO - Epoch 13 [100/314] - Loss: 8.9166, Acc: 0.0000
2025-08-26 23:51:43,210 - root - INFO - Epoch 13 [110/314] - Loss: 8.7027, Acc: 0.0625
2025-08-26 23:52:39,913 - root - INFO - Epoch 13 [120/314] - Loss: 8.0482, Acc: 0.0625
2025-08-26 23:53:35,711 - root - INFO - Epoch 13 [130/314] - Loss: 8.6494, Acc: 0.0312
2025-08-26 23:54:31,311 - root - INFO - Epoch 13 [140/314] - Loss: 8.8878, Acc: 0.0000
2025-08-26 23:55:27,157 - root - INFO - Epoch 13 [150/314] - Loss: 8.6152, Acc: 0.0312
2025-08-26 23:56:26,172 - root - INFO - Epoch 13 [160/314] - Loss: 8.5182, Acc: 0.0000
2025-08-26 23:57:28,242 - root - INFO - Epoch 13 [170/314] - Loss: 7.9970, Acc: 0.0625
2025-08-26 23:58:23,769 - root - INFO - Epoch 13 [180/314] - Loss: 8.6008, Acc: 0.0312
2025-08-26 23:59:19,896 - root - INFO - Epoch 13 [190/314] - Loss: 8.7899, Acc: 0.0312
2025-08-27 00:00:17,375 - root - INFO - Epoch 13 [200/314] - Loss: 9.1125, Acc: 0.0000
2025-08-27 00:01:13,507 - root - INFO - Epoch 13 [210/314] - Loss: 9.5275, Acc: 0.0000
2025-08-27 00:02:10,717 - root - INFO - Epoch 13 [220/314] - Loss: 8.6507, Acc: 0.0000
2025-08-27 00:03:07,243 - root - INFO - Epoch 13 [230/314] - Loss: 8.5212, Acc: 0.0312
2025-08-27 00:04:03,908 - root - INFO - Epoch 13 [240/314] - Loss: 9.0262, Acc: 0.0000
2025-08-27 00:05:00,085 - root - INFO - Epoch 13 [250/314] - Loss: 9.0166, Acc: 0.0312
2025-08-27 00:05:56,577 - root - INFO - Epoch 13 [260/314] - Loss: 8.7458, Acc: 0.0000
2025-08-27 00:06:53,257 - root - INFO - Epoch 13 [270/314] - Loss: 8.2128, Acc: 0.0000
2025-08-27 00:07:50,369 - root - INFO - Epoch 13 [280/314] - Loss: 9.0755, Acc: 0.0000
2025-08-27 00:08:46,338 - root - INFO - Epoch 13 [290/314] - Loss: 8.6163, Acc: 0.0312
2025-08-27 00:09:43,097 - root - INFO - Epoch 13 [300/314] - Loss: 8.5730, Acc: 0.0312
2025-08-27 00:10:38,646 - root - INFO - Epoch 13 [310/314] - Loss: 8.9490, Acc: 0.0000
2025-08-27 00:10:59,155 - root - INFO - Epoch 13 completed - Avg Loss: 8.7659, Avg Acc: 0.0192
2025-08-27 00:14:56,148 - root - INFO - Validation Epoch 13 - Loss: 10.9442, Acc: 0.0000
2025-08-27 00:18:26,435 - root - INFO - Epoch 14 [10/314] - Loss: 8.7265, Acc: 0.0625
2025-08-27 00:19:22,958 - root - INFO - Epoch 14 [20/314] - Loss: 8.7692, Acc: 0.0000
2025-08-27 00:20:19,100 - root - INFO - Epoch 14 [30/314] - Loss: 9.1356, Acc: 0.0000
2025-08-27 00:21:15,476 - root - INFO - Epoch 14 [40/314] - Loss: 8.4905, Acc: 0.0625
2025-08-27 00:22:11,666 - root - INFO - Epoch 14 [50/314] - Loss: 8.7631, Acc: 0.0000
2025-08-27 00:23:07,406 - root - INFO - Epoch 14 [60/314] - Loss: 8.7301, Acc: 0.0312
2025-08-27 00:24:03,544 - root - INFO - Epoch 14 [70/314] - Loss: 8.3383, Acc: 0.0000
2025-08-27 00:24:59,119 - root - INFO - Epoch 14 [80/314] - Loss: 8.7133, Acc: 0.0312
2025-08-27 00:25:55,406 - root - INFO - Epoch 14 [90/314] - Loss: 8.9861, Acc: 0.0000
2025-08-27 00:26:51,572 - root - INFO - Epoch 14 [100/314] - Loss: 8.6355, Acc: 0.0000
2025-08-27 00:27:47,265 - root - INFO - Epoch 14 [110/314] - Loss: 8.1331, Acc: 0.0625
2025-08-27 00:28:42,687 - root - INFO - Epoch 14 [120/314] - Loss: 8.2800, Acc: 0.0312
2025-08-27 00:29:38,509 - root - INFO - Epoch 14 [130/314] - Loss: 8.8799, Acc: 0.0000
2025-08-27 00:30:34,114 - root - INFO - Epoch 14 [140/314] - Loss: 8.5609, Acc: 0.0625
2025-08-27 00:31:30,912 - root - INFO - Epoch 14 [150/314] - Loss: 8.6611, Acc: 0.0000
2025-08-27 00:32:26,642 - root - INFO - Epoch 14 [160/314] - Loss: 8.7393, Acc: 0.0312
2025-08-27 00:33:23,935 - root - INFO - Epoch 14 [170/314] - Loss: 9.1779, Acc: 0.0312
2025-08-27 00:34:19,706 - root - INFO - Epoch 14 [180/314] - Loss: 8.8482, Acc: 0.0000
2025-08-27 00:35:15,530 - root - INFO - Epoch 14 [190/314] - Loss: 8.7708, Acc: 0.0312
2025-08-27 00:36:10,638 - root - INFO - Epoch 14 [200/314] - Loss: 8.6400, Acc: 0.0000
2025-08-27 00:37:06,778 - root - INFO - Epoch 14 [210/314] - Loss: 9.2491, Acc: 0.0000
2025-08-27 00:38:03,718 - root - INFO - Epoch 14 [220/314] - Loss: 8.6023, Acc: 0.0000
2025-08-27 00:38:59,558 - root - INFO - Epoch 14 [230/314] - Loss: 8.8412, Acc: 0.0000
2025-08-27 00:39:55,047 - root - INFO - Epoch 14 [240/314] - Loss: 8.5795, Acc: 0.0312
2025-08-27 00:40:50,922 - root - INFO - Epoch 14 [250/314] - Loss: 8.7123, Acc: 0.0000
2025-08-27 00:41:46,167 - root - INFO - Epoch 14 [260/314] - Loss: 8.7154, Acc: 0.0312
2025-08-27 00:42:41,754 - root - INFO - Epoch 14 [270/314] - Loss: 8.7687, Acc: 0.0000
2025-08-27 00:43:37,184 - root - INFO - Epoch 14 [280/314] - Loss: 8.7406, Acc: 0.0312
2025-08-27 00:44:32,770 - root - INFO - Epoch 14 [290/314] - Loss: 8.7071, Acc: 0.0312
2025-08-27 00:45:28,530 - root - INFO - Epoch 14 [300/314] - Loss: 8.4872, Acc: 0.0625
2025-08-27 00:46:24,212 - root - INFO - Epoch 14 [310/314] - Loss: 8.3838, Acc: 0.0625
2025-08-27 00:46:44,459 - root - INFO - Epoch 14 completed - Avg Loss: 8.7049, Avg Acc: 0.0211
2025-08-27 00:52:39,322 - root - INFO - Validation Epoch 14 - Loss: 9.7079, Acc: 0.0000
2025-08-27 00:52:47,747 - root - INFO - Checkpoint saved at checkpoints\checkpoint_epoch_14.pt
2025-08-27 00:56:26,997 - root - INFO - Epoch 15 [10/314] - Loss: 8.2452, Acc: 0.0625
2025-08-27 00:57:22,071 - root - INFO - Epoch 15 [20/314] - Loss: 8.6704, Acc: 0.0312
2025-08-27 00:58:17,555 - root - INFO - Epoch 15 [30/314] - Loss: 8.3194, Acc: 0.0312
2025-08-27 00:59:13,242 - root - INFO - Epoch 15 [40/314] - Loss: 8.2097, Acc: 0.0312
2025-08-27 01:00:08,436 - root - INFO - Epoch 15 [50/314] - Loss: 8.7519, Acc: 0.0000
2025-08-27 01:01:03,712 - root - INFO - Epoch 15 [60/314] - Loss: 8.8760, Acc: 0.0625
2025-08-27 01:01:59,601 - root - INFO - Epoch 15 [70/314] - Loss: 8.6405, Acc: 0.0000
2025-08-27 01:02:55,021 - root - INFO - Epoch 15 [80/314] - Loss: 8.8431, Acc: 0.0000
2025-08-27 01:03:50,383 - root - INFO - Epoch 15 [90/314] - Loss: 8.7285, Acc: 0.0000
2025-08-27 01:04:45,740 - root - INFO - Epoch 15 [100/314] - Loss: 8.5191, Acc: 0.0312
2025-08-27 01:05:41,584 - root - INFO - Epoch 15 [110/314] - Loss: 10.5740, Acc: 0.0000
2025-08-27 01:06:37,049 - root - INFO - Epoch 15 [120/314] - Loss: 8.8330, Acc: 0.0000
2025-08-27 01:07:32,276 - root - INFO - Epoch 15 [130/314] - Loss: 8.0495, Acc: 0.0312
2025-08-27 01:08:27,634 - root - INFO - Epoch 15 [140/314] - Loss: 8.6280, Acc: 0.0312
2025-08-27 01:09:23,124 - root - INFO - Epoch 15 [150/314] - Loss: 8.6438, Acc: 0.0312
2025-08-27 01:10:18,937 - root - INFO - Epoch 15 [160/314] - Loss: 8.4623, Acc: 0.0000
2025-08-27 01:11:14,114 - root - INFO - Epoch 15 [170/314] - Loss: 8.7004, Acc: 0.0000
2025-08-27 01:12:09,157 - root - INFO - Epoch 15 [180/314] - Loss: 8.3152, Acc: 0.0625
2025-08-27 01:13:04,427 - root - INFO - Epoch 15 [190/314] - Loss: 9.1496, Acc: 0.0000
2025-08-27 01:13:59,641 - root - INFO - Epoch 15 [200/314] - Loss: 8.6751, Acc: 0.0000
2025-08-27 01:14:55,044 - root - INFO - Epoch 15 [210/314] - Loss: 8.9333, Acc: 0.0312
2025-08-27 01:15:50,968 - root - INFO - Epoch 15 [220/314] - Loss: 9.0047, Acc: 0.0312
2025-08-27 01:16:48,423 - root - INFO - Epoch 15 [230/314] - Loss: 9.0091, Acc: 0.0000
2025-08-27 01:17:44,930 - root - INFO - Epoch 15 [240/314] - Loss: 8.3218, Acc: 0.0312
2025-08-27 01:18:40,658 - root - INFO - Epoch 15 [250/314] - Loss: 8.2732, Acc: 0.0000
2025-08-27 01:19:36,664 - root - INFO - Epoch 15 [260/314] - Loss: 8.7935, Acc: 0.0312
2025-08-27 01:20:32,491 - root - INFO - Epoch 15 [270/314] - Loss: 8.5948, Acc: 0.0000
2025-08-27 01:21:28,563 - root - INFO - Epoch 15 [280/314] - Loss: 8.5524, Acc: 0.0312
2025-08-27 01:22:24,716 - root - INFO - Epoch 15 [290/314] - Loss: 8.5721, Acc: 0.0312
2025-08-27 01:23:22,347 - root - INFO - Epoch 15 [300/314] - Loss: 8.5618, Acc: 0.0312
2025-08-27 01:24:17,745 - root - INFO - Epoch 15 [310/314] - Loss: 8.4966, Acc: 0.0625
2025-08-27 01:24:37,586 - root - INFO - Epoch 15 completed - Avg Loss: 8.6547, Avg Acc: 0.0219
2025-08-27 01:28:37,023 - root - INFO - Validation Epoch 15 - Loss: 14.8463, Acc: 0.0000
2025-08-27 01:31:12,694 - root - INFO - Epoch 16 [10/314] - Loss: 8.6825, Acc: 0.0000
2025-08-27 01:32:10,847 - root - INFO - Epoch 16 [20/314] - Loss: 8.4647, Acc: 0.0312
2025-08-27 01:33:06,950 - root - INFO - Epoch 16 [30/314] - Loss: 7.9619, Acc: 0.0625
2025-08-27 01:34:06,200 - root - INFO - Epoch 16 [40/314] - Loss: 8.3787, Acc: 0.0000
2025-08-27 01:35:03,718 - root - INFO - Epoch 16 [50/314] - Loss: 8.5816, Acc: 0.0625
2025-08-27 01:35:59,281 - root - INFO - Epoch 16 [60/314] - Loss: 8.8333, Acc: 0.0312
2025-08-27 01:36:55,502 - root - INFO - Epoch 16 [70/314] - Loss: 8.6031, Acc: 0.0312
2025-08-27 01:37:51,114 - root - INFO - Epoch 16 [80/314] - Loss: 8.6647, Acc: 0.0000
2025-08-27 01:38:46,939 - root - INFO - Epoch 16 [90/314] - Loss: 8.8436, Acc: 0.0312
2025-08-27 01:39:42,968 - root - INFO - Epoch 16 [100/314] - Loss: 8.3733, Acc: 0.0000
2025-08-27 01:40:38,958 - root - INFO - Epoch 16 [110/314] - Loss: 8.6098, Acc: 0.0312
2025-08-27 01:41:35,798 - root - INFO - Epoch 16 [120/314] - Loss: 9.6198, Acc: 0.0312
2025-08-27 01:42:31,488 - root - INFO - Epoch 16 [130/314] - Loss: 9.0265, Acc: 0.0000
2025-08-27 01:43:27,300 - root - INFO - Epoch 16 [140/314] - Loss: 8.1385, Acc: 0.0312
2025-08-27 01:44:23,172 - root - INFO - Epoch 16 [150/314] - Loss: 8.8313, Acc: 0.0000
2025-08-27 01:45:19,063 - root - INFO - Epoch 16 [160/314] - Loss: 9.2127, Acc: 0.0312
2025-08-27 01:46:15,435 - root - INFO - Epoch 16 [170/314] - Loss: 8.2833, Acc: 0.0312
2025-08-27 01:47:11,651 - root - INFO - Epoch 16 [180/314] - Loss: 7.9287, Acc: 0.0625
2025-08-27 01:48:07,419 - root - INFO - Epoch 16 [190/314] - Loss: 8.0839, Acc: 0.0312
2025-08-27 01:49:03,292 - root - INFO - Epoch 16 [200/314] - Loss: 8.7168, Acc: 0.0000
2025-08-27 01:49:59,785 - root - INFO - Epoch 16 [210/314] - Loss: 8.2103, Acc: 0.0312
2025-08-27 01:50:55,814 - root - INFO - Epoch 16 [220/314] - Loss: 9.5517, Acc: 0.0312
2025-08-27 01:51:51,981 - root - INFO - Epoch 16 [230/314] - Loss: 8.6151, Acc: 0.0312
2025-08-27 01:52:48,647 - root - INFO - Epoch 16 [240/314] - Loss: 8.5730, Acc: 0.0625
2025-08-27 01:53:44,661 - root - INFO - Epoch 16 [250/314] - Loss: 8.6880, Acc: 0.0625
2025-08-27 01:54:40,983 - root - INFO - Epoch 16 [260/314] - Loss: 8.1530, Acc: 0.0625
2025-08-27 01:55:37,049 - root - INFO - Epoch 16 [270/314] - Loss: 8.1919, Acc: 0.0000
2025-08-27 01:56:33,451 - root - INFO - Epoch 16 [280/314] - Loss: 8.4913, Acc: 0.0312
2025-08-27 01:57:29,782 - root - INFO - Epoch 16 [290/314] - Loss: 8.7261, Acc: 0.0312
2025-08-27 01:58:25,956 - root - INFO - Epoch 16 [300/314] - Loss: 8.5954, Acc: 0.0312
2025-08-27 01:59:21,293 - root - INFO - Epoch 16 [310/314] - Loss: 9.0475, Acc: 0.0000
2025-08-27 01:59:41,762 - root - INFO - Epoch 16 completed - Avg Loss: 8.6154, Avg Acc: 0.0239
2025-08-27 02:03:42,710 - root - INFO - Validation Epoch 16 - Loss: 10.1828, Acc: 0.0000
2025-08-27 02:06:04,771 - root - INFO - Epoch 17 [10/314] - Loss: 8.2326, Acc: 0.0625
2025-08-27 02:07:00,786 - root - INFO - Epoch 17 [20/314] - Loss: 8.2893, Acc: 0.0625
2025-08-27 02:07:57,076 - root - INFO - Epoch 17 [30/314] - Loss: 8.1824, Acc: 0.0312
2025-08-27 02:08:53,595 - root - INFO - Epoch 17 [40/314] - Loss: 8.8402, Acc: 0.0312
2025-08-27 02:09:49,777 - root - INFO - Epoch 17 [50/314] - Loss: 8.1301, Acc: 0.0312
2025-08-27 02:10:45,786 - root - INFO - Epoch 17 [60/314] - Loss: 7.8914, Acc: 0.0625
2025-08-27 02:11:41,947 - root - INFO - Epoch 17 [70/314] - Loss: 8.8644, Acc: 0.0000
2025-08-27 02:12:37,995 - root - INFO - Epoch 17 [80/314] - Loss: 8.5055, Acc: 0.0000
2025-08-27 02:13:33,931 - root - INFO - Epoch 17 [90/314] - Loss: 8.8796, Acc: 0.0000
2025-08-27 02:14:29,700 - root - INFO - Epoch 17 [100/314] - Loss: 8.6751, Acc: 0.0000
2025-08-27 02:15:25,707 - root - INFO - Epoch 17 [110/314] - Loss: 8.9141, Acc: 0.0312
2025-08-27 02:16:21,715 - root - INFO - Epoch 17 [120/314] - Loss: 8.7889, Acc: 0.0000
2025-08-27 02:17:17,895 - root - INFO - Epoch 17 [130/314] - Loss: 8.6809, Acc: 0.0312
2025-08-27 02:18:13,662 - root - INFO - Epoch 17 [140/314] - Loss: 8.0974, Acc: 0.0625
2025-08-27 02:19:10,201 - root - INFO - Epoch 17 [150/314] - Loss: 8.2990, Acc: 0.0625
2025-08-27 02:20:06,796 - root - INFO - Epoch 17 [160/314] - Loss: 9.0132, Acc: 0.0000
2025-08-27 02:21:02,721 - root - INFO - Epoch 17 [170/314] - Loss: 9.0375, Acc: 0.0000
2025-08-27 02:21:59,987 - root - INFO - Epoch 17 [180/314] - Loss: 8.1073, Acc: 0.0312
2025-08-27 02:22:56,382 - root - INFO - Epoch 17 [190/314] - Loss: 8.2001, Acc: 0.0312
2025-08-27 02:23:52,725 - root - INFO - Epoch 17 [200/314] - Loss: 8.7805, Acc: 0.0312
2025-08-27 02:24:48,476 - root - INFO - Epoch 17 [210/314] - Loss: 8.0404, Acc: 0.0625
2025-08-27 02:25:44,432 - root - INFO - Epoch 17 [220/314] - Loss: 8.7267, Acc: 0.0000
2025-08-27 02:26:41,056 - root - INFO - Epoch 17 [230/314] - Loss: 8.8666, Acc: 0.0000
2025-08-27 02:27:40,210 - root - INFO - Epoch 17 [240/314] - Loss: 9.1121, Acc: 0.0000
2025-08-27 02:28:36,847 - root - INFO - Epoch 17 [250/314] - Loss: 8.3300, Acc: 0.0312
2025-08-27 02:29:33,194 - root - INFO - Epoch 17 [260/314] - Loss: 9.2544, Acc: 0.0000
2025-08-27 02:30:29,094 - root - INFO - Epoch 17 [270/314] - Loss: 8.2895, Acc: 0.0312
2025-08-27 02:31:25,611 - root - INFO - Epoch 17 [280/314] - Loss: 8.5091, Acc: 0.0312
2025-08-27 02:32:22,386 - root - INFO - Epoch 17 [290/314] - Loss: 8.3582, Acc: 0.0000
2025-08-27 02:33:19,696 - root - INFO - Epoch 17 [300/314] - Loss: 8.8593, Acc: 0.0312
2025-08-27 02:34:15,460 - root - INFO - Epoch 17 [310/314] - Loss: 8.4974, Acc: 0.0000
2025-08-27 02:34:37,332 - root - INFO - Epoch 17 completed - Avg Loss: 8.5846, Avg Acc: 0.0257
2025-08-27 02:38:48,365 - root - INFO - Validation Epoch 17 - Loss: 10.8203, Acc: 0.0000
2025-08-27 02:41:12,988 - root - INFO - Epoch 18 [10/314] - Loss: 8.5355, Acc: 0.0000
2025-08-27 02:42:10,247 - root - INFO - Epoch 18 [20/314] - Loss: 9.4445, Acc: 0.0000
2025-08-27 02:43:06,224 - root - INFO - Epoch 18 [30/314] - Loss: 8.7206, Acc: 0.0000
2025-08-27 02:44:02,164 - root - INFO - Epoch 18 [40/314] - Loss: 8.6324, Acc: 0.0000
2025-08-27 02:44:58,153 - root - INFO - Epoch 18 [50/314] - Loss: 7.7450, Acc: 0.0938
2025-08-27 02:45:54,252 - root - INFO - Epoch 18 [60/314] - Loss: 8.3409, Acc: 0.0312
2025-08-27 02:46:50,437 - root - INFO - Epoch 18 [70/314] - Loss: 8.1817, Acc: 0.0625
2025-08-27 02:47:46,387 - root - INFO - Epoch 18 [80/314] - Loss: 8.3984, Acc: 0.0312
2025-08-27 02:48:42,224 - root - INFO - Epoch 18 [90/314] - Loss: 8.0335, Acc: 0.0938
2025-08-27 02:49:37,642 - root - INFO - Epoch 18 [100/314] - Loss: 8.6299, Acc: 0.0000
2025-08-27 02:50:33,775 - root - INFO - Epoch 18 [110/314] - Loss: 8.5527, Acc: 0.0312
2025-08-27 02:51:29,475 - root - INFO - Epoch 18 [120/314] - Loss: 8.9452, Acc: 0.0312
2025-08-27 02:52:25,189 - root - INFO - Epoch 18 [130/314] - Loss: 8.0813, Acc: 0.0625
2025-08-27 02:53:21,681 - root - INFO - Epoch 18 [140/314] - Loss: 8.9116, Acc: 0.0000
2025-08-27 02:54:17,951 - root - INFO - Epoch 18 [150/314] - Loss: 8.9881, Acc: 0.0312
2025-08-27 02:55:13,800 - root - INFO - Epoch 18 [160/314] - Loss: 8.5430, Acc: 0.0000
2025-08-27 02:56:09,788 - root - INFO - Epoch 18 [170/314] - Loss: 7.5795, Acc: 0.0625
2025-08-27 02:57:06,709 - root - INFO - Epoch 18 [180/314] - Loss: 8.0800, Acc: 0.0625
2025-08-27 02:58:02,869 - root - INFO - Epoch 18 [190/314] - Loss: 8.3068, Acc: 0.0312
2025-08-27 02:58:59,352 - root - INFO - Epoch 18 [200/314] - Loss: 8.8244, Acc: 0.0312
2025-08-27 02:59:55,859 - root - INFO - Epoch 18 [210/314] - Loss: 8.3381, Acc: 0.0000
2025-08-27 03:00:52,001 - root - INFO - Epoch 18 [220/314] - Loss: 8.3684, Acc: 0.0312
2025-08-27 03:01:48,395 - root - INFO - Epoch 18 [230/314] - Loss: 8.1309, Acc: 0.0312
2025-08-27 03:02:45,090 - root - INFO - Epoch 18 [240/314] - Loss: 8.6122, Acc: 0.0000
2025-08-27 03:03:41,968 - root - INFO - Epoch 18 [250/314] - Loss: 8.5259, Acc: 0.0312
2025-08-27 03:04:38,179 - root - INFO - Epoch 18 [260/314] - Loss: 8.4344, Acc: 0.0312
2025-08-27 03:05:34,365 - root - INFO - Epoch 18 [270/314] - Loss: 9.1985, Acc: 0.0312
2025-08-27 03:06:30,960 - root - INFO - Epoch 18 [280/314] - Loss: 9.2356, Acc: 0.0000
2025-08-27 03:07:28,183 - root - INFO - Epoch 18 [290/314] - Loss: 9.6652, Acc: 0.0000
2025-08-27 03:08:25,858 - root - INFO - Epoch 18 [300/314] - Loss: 8.4492, Acc: 0.0312
2025-08-27 03:09:22,327 - root - INFO - Epoch 18 [310/314] - Loss: 8.3908, Acc: 0.0625
2025-08-27 03:09:42,619 - root - INFO - Epoch 18 completed - Avg Loss: 8.4899, Avg Acc: 0.0290
2025-08-27 03:13:51,318 - root - INFO - Validation Epoch 18 - Loss: 15.6509, Acc: 0.0000
2025-08-27 03:16:42,208 - root - INFO - Epoch 19 [10/314] - Loss: 9.1675, Acc: 0.0312
2025-08-27 03:17:39,442 - root - INFO - Epoch 19 [20/314] - Loss: 8.6692, Acc: 0.0312
2025-08-27 03:18:36,173 - root - INFO - Epoch 19 [30/314] - Loss: 8.2100, Acc: 0.0938
2025-08-27 03:19:32,528 - root - INFO - Epoch 19 [40/314] - Loss: 8.8793, Acc: 0.0312
2025-08-27 03:20:28,982 - root - INFO - Epoch 19 [50/314] - Loss: 8.2161, Acc: 0.0000
2025-08-27 03:21:30,146 - root - INFO - Epoch 19 [60/314] - Loss: 8.6601, Acc: 0.0312
2025-08-27 03:22:29,970 - root - INFO - Epoch 19 [70/314] - Loss: 8.8707, Acc: 0.0000
2025-08-27 03:23:28,302 - root - INFO - Epoch 19 [80/314] - Loss: 7.7819, Acc: 0.0938
2025-08-27 03:24:25,509 - root - INFO - Epoch 19 [90/314] - Loss: 8.2394, Acc: 0.0312
2025-08-27 03:25:22,166 - root - INFO - Epoch 19 [100/314] - Loss: 7.9967, Acc: 0.0938
2025-08-27 03:26:18,955 - root - INFO - Epoch 19 [110/314] - Loss: 8.8205, Acc: 0.0000
2025-08-27 03:27:15,523 - root - INFO - Epoch 19 [120/314] - Loss: 8.5298, Acc: 0.0000
2025-08-27 03:28:12,723 - root - INFO - Epoch 19 [130/314] - Loss: 8.2931, Acc: 0.0312
2025-08-27 03:29:09,644 - root - INFO - Epoch 19 [140/314] - Loss: 8.3138, Acc: 0.0312
2025-08-27 03:30:06,371 - root - INFO - Epoch 19 [150/314] - Loss: 8.5441, Acc: 0.0312
2025-08-27 03:31:02,450 - root - INFO - Epoch 19 [160/314] - Loss: 7.9005, Acc: 0.0938
2025-08-27 03:31:59,438 - root - INFO - Epoch 19 [170/314] - Loss: 8.2411, Acc: 0.0312
2025-08-27 03:32:55,995 - root - INFO - Epoch 19 [180/314] - Loss: 8.8021, Acc: 0.0000
2025-08-27 03:33:52,628 - root - INFO - Epoch 19 [190/314] - Loss: 8.2093, Acc: 0.0000
2025-08-27 03:34:49,347 - root - INFO - Epoch 19 [200/314] - Loss: 7.6081, Acc: 0.0938
2025-08-27 03:35:45,420 - root - INFO - Epoch 19 [210/314] - Loss: 7.7464, Acc: 0.0938
2025-08-27 03:36:41,733 - root - INFO - Epoch 19 [220/314] - Loss: 8.9091, Acc: 0.0000
2025-08-27 03:37:39,467 - root - INFO - Epoch 19 [230/314] - Loss: 8.7995, Acc: 0.0000
2025-08-27 03:38:36,080 - root - INFO - Epoch 19 [240/314] - Loss: 8.2355, Acc: 0.0312
2025-08-27 03:39:33,366 - root - INFO - Epoch 19 [250/314] - Loss: 8.4276, Acc: 0.0625
2025-08-27 03:40:30,752 - root - INFO - Epoch 19 [260/314] - Loss: 8.3263, Acc: 0.0312
2025-08-27 03:41:27,835 - root - INFO - Epoch 19 [270/314] - Loss: 8.5201, Acc: 0.0625
2025-08-27 03:42:24,530 - root - INFO - Epoch 19 [280/314] - Loss: 8.2640, Acc: 0.0312
2025-08-27 03:43:21,290 - root - INFO - Epoch 19 [290/314] - Loss: 7.6153, Acc: 0.0625
2025-08-27 03:44:19,006 - root - INFO - Epoch 19 [300/314] - Loss: 8.1172, Acc: 0.0312
2025-08-27 03:45:15,143 - root - INFO - Epoch 19 [310/314] - Loss: 8.3444, Acc: 0.0625
2025-08-27 03:45:35,687 - root - INFO - Epoch 19 completed - Avg Loss: 8.4386, Avg Acc: 0.0303
2025-08-27 03:49:46,040 - root - INFO - Validation Epoch 19 - Loss: 11.2457, Acc: 0.0000
2025-08-27 03:49:46,498 - root - INFO - Checkpoint saved at checkpoints\checkpoint_epoch_19.pt
2025-08-27 03:52:18,259 - root - INFO - Epoch 20 [10/314] - Loss: 8.1890, Acc: 0.0625
2025-08-27 03:53:15,666 - root - INFO - Epoch 20 [20/314] - Loss: 8.3056, Acc: 0.0625
2025-08-27 03:54:12,873 - root - INFO - Epoch 20 [30/314] - Loss: 8.2670, Acc: 0.0625
2025-08-27 03:55:08,974 - root - INFO - Epoch 20 [40/314] - Loss: 8.2980, Acc: 0.0000
2025-08-27 03:56:05,994 - root - INFO - Epoch 20 [50/314] - Loss: 8.6874, Acc: 0.0312
2025-08-27 03:57:03,095 - root - INFO - Epoch 20 [60/314] - Loss: 7.9355, Acc: 0.0312
2025-08-27 03:58:00,291 - root - INFO - Epoch 20 [70/314] - Loss: 8.9657, Acc: 0.0312
2025-08-27 03:58:56,446 - root - INFO - Epoch 20 [80/314] - Loss: 9.0780, Acc: 0.0312
2025-08-27 03:59:53,413 - root - INFO - Epoch 20 [90/314] - Loss: 7.5321, Acc: 0.0625
2025-08-27 04:00:50,218 - root - INFO - Epoch 20 [100/314] - Loss: 8.2781, Acc: 0.0312
2025-08-27 04:01:47,983 - root - INFO - Epoch 20 [110/314] - Loss: 8.7137, Acc: 0.0000
2025-08-27 04:02:45,796 - root - INFO - Epoch 20 [120/314] - Loss: 8.6117, Acc: 0.0000
2025-08-27 04:03:44,024 - root - INFO - Epoch 20 [130/314] - Loss: 8.5033, Acc: 0.0625
2025-08-27 04:04:40,823 - root - INFO - Epoch 20 [140/314] - Loss: 8.7063, Acc: 0.0625
2025-08-27 04:05:38,127 - root - INFO - Epoch 20 [150/314] - Loss: 8.8770, Acc: 0.0312
2025-08-27 04:06:35,113 - root - INFO - Epoch 20 [160/314] - Loss: 8.3052, Acc: 0.0312
2025-08-27 04:07:32,358 - root - INFO - Epoch 20 [170/314] - Loss: 8.5195, Acc: 0.0625
2025-08-27 04:08:29,672 - root - INFO - Epoch 20 [180/314] - Loss: 8.4052, Acc: 0.0625
2025-08-27 04:09:27,840 - root - INFO - Epoch 20 [190/314] - Loss: 7.5692, Acc: 0.0625
2025-08-27 04:10:25,217 - root - INFO - Epoch 20 [200/314] - Loss: 8.4422, Acc: 0.0312
2025-08-27 04:11:22,398 - root - INFO - Epoch 20 [210/314] - Loss: 8.6331, Acc: 0.0000
2025-08-27 04:12:19,511 - root - INFO - Epoch 20 [220/314] - Loss: 8.3937, Acc: 0.0312
2025-08-27 04:13:16,835 - root - INFO - Epoch 20 [230/314] - Loss: 7.9952, Acc: 0.0625
2025-08-27 04:14:14,557 - root - INFO - Epoch 20 [240/314] - Loss: 8.3419, Acc: 0.0000
2025-08-27 04:15:12,372 - root - INFO - Epoch 20 [250/314] - Loss: 8.9933, Acc: 0.0000
2025-08-27 04:16:10,151 - root - INFO - Epoch 20 [260/314] - Loss: 8.3787, Acc: 0.0000
2025-08-27 04:17:08,435 - root - INFO - Epoch 20 [270/314] - Loss: 8.9850, Acc: 0.0625
2025-08-27 04:18:05,540 - root - INFO - Epoch 20 [280/314] - Loss: 8.5432, Acc: 0.0000
2025-08-27 04:19:03,360 - root - INFO - Epoch 20 [290/314] - Loss: 9.2550, Acc: 0.0312
2025-08-27 04:20:02,196 - root - INFO - Epoch 20 [300/314] - Loss: 8.5264, Acc: 0.0000
2025-08-27 04:20:59,236 - root - INFO - Epoch 20 [310/314] - Loss: 8.2697, Acc: 0.0312
2025-08-27 04:21:19,507 - root - INFO - Epoch 20 completed - Avg Loss: 8.4503, Avg Acc: 0.0302
2025-08-27 04:26:26,883 - root - INFO - Validation Epoch 20 - Loss: 10.8149, Acc: 0.0000
2025-08-27 04:30:24,843 - root - INFO - Epoch 21 [10/314] - Loss: 8.3190, Acc: 0.0312
2025-08-27 04:31:22,259 - root - INFO - Epoch 21 [20/314] - Loss: 8.5123, Acc: 0.0000
2025-08-27 04:32:20,175 - root - INFO - Epoch 21 [30/314] - Loss: 8.6405, Acc: 0.0000
2025-08-27 04:33:17,537 - root - INFO - Epoch 21 [40/314] - Loss: 8.3489, Acc: 0.0312
2025-08-27 04:34:15,475 - root - INFO - Epoch 21 [50/314] - Loss: 9.1027, Acc: 0.0000
2025-08-27 04:35:12,626 - root - INFO - Epoch 21 [60/314] - Loss: 8.2807, Acc: 0.0625
2025-08-27 04:36:10,918 - root - INFO - Epoch 21 [70/314] - Loss: 9.7737, Acc: 0.0000
2025-08-27 04:37:09,695 - root - INFO - Epoch 21 [80/314] - Loss: 8.6019, Acc: 0.0000
2025-08-27 04:38:07,616 - root - INFO - Epoch 21 [90/314] - Loss: 7.3574, Acc: 0.0625
2025-08-27 04:39:04,846 - root - INFO - Epoch 21 [100/314] - Loss: 8.0386, Acc: 0.0938
2025-08-27 04:40:02,786 - root - INFO - Epoch 21 [110/314] - Loss: 8.6756, Acc: 0.0312
2025-08-27 04:41:00,559 - root - INFO - Epoch 21 [120/314] - Loss: 8.5604, Acc: 0.0312
2025-08-27 04:41:58,017 - root - INFO - Epoch 21 [130/314] - Loss: 8.0391, Acc: 0.0312
2025-08-27 04:42:55,635 - root - INFO - Epoch 21 [140/314] - Loss: 8.5638, Acc: 0.0312
2025-08-27 04:43:53,527 - root - INFO - Epoch 21 [150/314] - Loss: 7.9412, Acc: 0.0312
2025-08-27 04:44:51,611 - root - INFO - Epoch 21 [160/314] - Loss: 9.0416, Acc: 0.0312
2025-08-27 04:45:49,395 - root - INFO - Epoch 21 [170/314] - Loss: 8.2699, Acc: 0.0625
2025-08-27 04:46:47,814 - root - INFO - Epoch 21 [180/314] - Loss: 8.5301, Acc: 0.0000
2025-08-27 04:47:45,634 - root - INFO - Epoch 21 [190/314] - Loss: 7.8969, Acc: 0.0000
2025-08-27 04:48:43,449 - root - INFO - Epoch 21 [200/314] - Loss: 8.3565, Acc: 0.0000
2025-08-27 04:49:41,685 - root - INFO - Epoch 21 [210/314] - Loss: 8.3637, Acc: 0.0312
2025-08-27 04:50:39,551 - root - INFO - Epoch 21 [220/314] - Loss: 8.8424, Acc: 0.0312
2025-08-27 04:51:37,592 - root - INFO - Epoch 21 [230/314] - Loss: 9.4176, Acc: 0.0000
2025-08-27 04:52:35,342 - root - INFO - Epoch 21 [240/314] - Loss: 7.8977, Acc: 0.0625
2025-08-27 04:53:32,917 - root - INFO - Epoch 21 [250/314] - Loss: 8.3974, Acc: 0.0000
2025-08-27 04:54:31,153 - root - INFO - Epoch 21 [260/314] - Loss: 7.8955, Acc: 0.0938
2025-08-27 04:55:28,903 - root - INFO - Epoch 21 [270/314] - Loss: 8.6693, Acc: 0.0312
2025-08-27 04:56:26,662 - root - INFO - Epoch 21 [280/314] - Loss: 8.5469, Acc: 0.0312
2025-08-27 04:57:24,970 - root - INFO - Epoch 21 [290/314] - Loss: 8.4355, Acc: 0.0312
2025-08-27 04:58:22,574 - root - INFO - Epoch 21 [300/314] - Loss: 8.2582, Acc: 0.0312
2025-08-27 04:59:19,917 - root - INFO - Epoch 21 [310/314] - Loss: 8.5147, Acc: 0.0000
2025-08-27 04:59:40,511 - root - INFO - Epoch 21 completed - Avg Loss: 8.3814, Avg Acc: 0.0327
2025-08-27 05:03:39,916 - root - INFO - Validation Epoch 21 - Loss: 12.0641, Acc: 0.0000
2025-08-27 05:05:56,183 - root - INFO - Epoch 22 [10/314] - Loss: 8.3931, Acc: 0.0000
2025-08-27 05:06:53,881 - root - INFO - Epoch 22 [20/314] - Loss: 7.9263, Acc: 0.0625
2025-08-27 05:07:51,858 - root - INFO - Epoch 22 [30/314] - Loss: 8.6882, Acc: 0.0000
2025-08-27 05:08:49,990 - root - INFO - Epoch 22 [40/314] - Loss: 7.9909, Acc: 0.0625
2025-08-27 05:09:48,390 - root - INFO - Epoch 22 [50/314] - Loss: 7.6445, Acc: 0.0625
2025-08-27 05:10:46,347 - root - INFO - Epoch 22 [60/314] - Loss: 8.7912, Acc: 0.0000
2025-08-27 05:11:44,386 - root - INFO - Epoch 22 [70/314] - Loss: 8.5061, Acc: 0.0312
2025-08-27 05:12:42,503 - root - INFO - Epoch 22 [80/314] - Loss: 8.7291, Acc: 0.0312
2025-08-27 05:13:40,330 - root - INFO - Epoch 22 [90/314] - Loss: 8.9168, Acc: 0.0000
2025-08-27 05:14:37,969 - root - INFO - Epoch 22 [100/314] - Loss: 8.0580, Acc: 0.0000
2025-08-27 05:15:36,066 - root - INFO - Epoch 22 [110/314] - Loss: 7.3661, Acc: 0.1250
2025-08-27 05:16:34,745 - root - INFO - Epoch 22 [120/314] - Loss: 7.6580, Acc: 0.0625
2025-08-27 05:17:33,117 - root - INFO - Epoch 22 [130/314] - Loss: 7.9385, Acc: 0.0625
2025-08-27 05:18:31,236 - root - INFO - Epoch 22 [140/314] - Loss: 7.8914, Acc: 0.0312
2025-08-27 05:19:29,082 - root - INFO - Epoch 22 [150/314] - Loss: 8.2830, Acc: 0.0000
2025-08-27 05:20:26,925 - root - INFO - Epoch 22 [160/314] - Loss: 7.5258, Acc: 0.0938
2025-08-27 05:21:24,508 - root - INFO - Epoch 22 [170/314] - Loss: 8.1019, Acc: 0.0625
2025-08-27 05:22:22,851 - root - INFO - Epoch 22 [180/314] - Loss: 8.0971, Acc: 0.0625
2025-08-27 05:23:20,774 - root - INFO - Epoch 22 [190/314] - Loss: 7.6580, Acc: 0.0938
2025-08-27 05:24:18,402 - root - INFO - Epoch 22 [200/314] - Loss: 8.2070, Acc: 0.0625
2025-08-27 05:25:16,523 - root - INFO - Epoch 22 [210/314] - Loss: 8.0996, Acc: 0.0312
2025-08-27 05:26:15,085 - root - INFO - Epoch 22 [220/314] - Loss: 8.3928, Acc: 0.0625
2025-08-27 05:27:13,961 - root - INFO - Epoch 22 [230/314] - Loss: 7.4654, Acc: 0.0938
2025-08-27 05:28:12,105 - root - INFO - Epoch 22 [240/314] - Loss: 8.2371, Acc: 0.0312
2025-08-27 05:29:10,575 - root - INFO - Epoch 22 [250/314] - Loss: 8.7475, Acc: 0.0000
2025-08-27 05:30:08,076 - root - INFO - Epoch 22 [260/314] - Loss: 8.3904, Acc: 0.0312
2025-08-27 05:31:05,997 - root - INFO - Epoch 22 [270/314] - Loss: 8.0232, Acc: 0.0312
2025-08-27 05:32:04,667 - root - INFO - Epoch 22 [280/314] - Loss: 9.0072, Acc: 0.0000
2025-08-27 05:33:03,484 - root - INFO - Epoch 22 [290/314] - Loss: 8.6469, Acc: 0.0000
2025-08-27 05:34:01,866 - root - INFO - Epoch 22 [300/314] - Loss: 8.0039, Acc: 0.0625
2025-08-27 05:34:59,437 - root - INFO - Epoch 22 [310/314] - Loss: 8.3701, Acc: 0.0000
2025-08-27 05:35:20,305 - root - INFO - Epoch 22 completed - Avg Loss: 8.3606, Avg Acc: 0.0339
2025-08-27 05:39:18,403 - root - INFO - Validation Epoch 22 - Loss: 11.7443, Acc: 0.0000
2025-08-27 05:41:40,475 - root - INFO - Epoch 23 [10/314] - Loss: 7.9265, Acc: 0.0625
2025-08-27 05:42:39,373 - root - INFO - Epoch 23 [20/314] - Loss: 8.1974, Acc: 0.0312
2025-08-27 05:43:38,138 - root - INFO - Epoch 23 [30/314] - Loss: 8.5494, Acc: 0.0312
2025-08-27 05:44:35,726 - root - INFO - Epoch 23 [40/314] - Loss: 9.0026, Acc: 0.0000
2025-08-27 05:45:33,763 - root - INFO - Epoch 23 [50/314] - Loss: 8.8386, Acc: 0.0000
2025-08-27 05:46:31,694 - root - INFO - Epoch 23 [60/314] - Loss: 8.2248, Acc: 0.0312
2025-08-27 05:47:29,924 - root - INFO - Epoch 23 [70/314] - Loss: 8.2570, Acc: 0.0625
2025-08-27 05:48:27,654 - root - INFO - Epoch 23 [80/314] - Loss: 8.2040, Acc: 0.0000
2025-08-27 05:49:25,857 - root - INFO - Epoch 23 [90/314] - Loss: 8.3516, Acc: 0.0000
2025-08-27 05:50:23,642 - root - INFO - Epoch 23 [100/314] - Loss: 7.8216, Acc: 0.0625
2025-08-27 05:51:21,720 - root - INFO - Epoch 23 [110/314] - Loss: 8.6988, Acc: 0.0312
2025-08-27 05:52:19,998 - root - INFO - Epoch 23 [120/314] - Loss: 8.2352, Acc: 0.0938
2025-08-27 05:53:18,405 - root - INFO - Epoch 23 [130/314] - Loss: 7.6983, Acc: 0.0625
2025-08-27 05:54:16,460 - root - INFO - Epoch 23 [140/314] - Loss: 8.7187, Acc: 0.0312
2025-08-27 05:55:15,481 - root - INFO - Epoch 23 [150/314] - Loss: 8.0758, Acc: 0.0312
2025-08-27 05:56:13,617 - root - INFO - Epoch 23 [160/314] - Loss: 8.4031, Acc: 0.0312
2025-08-27 05:57:12,398 - root - INFO - Epoch 23 [170/314] - Loss: 8.1195, Acc: 0.0312
2025-08-27 05:58:10,870 - root - INFO - Epoch 23 [180/314] - Loss: 8.0021, Acc: 0.0625
2025-08-27 05:59:09,497 - root - INFO - Epoch 23 [190/314] - Loss: 7.8655, Acc: 0.0312
2025-08-27 06:00:07,767 - root - INFO - Epoch 23 [200/314] - Loss: 9.1258, Acc: 0.0000
2025-08-27 06:01:05,651 - root - INFO - Epoch 23 [210/314] - Loss: 8.1945, Acc: 0.0625
2025-08-27 06:02:04,410 - root - INFO - Epoch 23 [220/314] - Loss: 7.9948, Acc: 0.0625
2025-08-27 06:03:03,505 - root - INFO - Epoch 23 [230/314] - Loss: 8.5752, Acc: 0.0000
2025-08-27 06:04:04,054 - root - INFO - Epoch 23 [240/314] - Loss: 8.5643, Acc: 0.0000
2025-08-27 06:05:02,902 - root - INFO - Epoch 23 [250/314] - Loss: 8.2864, Acc: 0.0000
2025-08-27 06:06:00,618 - root - INFO - Epoch 23 [260/314] - Loss: 8.1809, Acc: 0.0000
2025-08-27 06:06:58,648 - root - INFO - Epoch 23 [270/314] - Loss: 8.4291, Acc: 0.0312
2025-08-27 06:07:57,399 - root - INFO - Epoch 23 [280/314] - Loss: 9.0603, Acc: 0.0000
2025-08-27 06:08:55,729 - root - INFO - Epoch 23 [290/314] - Loss: 8.3757, Acc: 0.0625
2025-08-27 06:09:54,949 - root - INFO - Epoch 23 [300/314] - Loss: 7.7209, Acc: 0.0625
2025-08-27 06:10:53,450 - root - INFO - Epoch 23 [310/314] - Loss: 7.5154, Acc: 0.0312
2025-08-27 06:11:14,349 - root - INFO - Epoch 23 completed - Avg Loss: 8.3675, Avg Acc: 0.0343
2025-08-27 06:15:14,209 - root - INFO - Validation Epoch 23 - Loss: 15.4386, Acc: 0.0000
2025-08-27 06:17:43,291 - root - INFO - Epoch 24 [10/314] - Loss: 8.5848, Acc: 0.0000
2025-08-27 06:18:42,755 - root - INFO - Epoch 24 [20/314] - Loss: 8.1894, Acc: 0.0312
2025-08-27 06:19:41,302 - root - INFO - Epoch 24 [30/314] - Loss: 7.8197, Acc: 0.0938
2025-08-27 06:20:39,197 - root - INFO - Epoch 24 [40/314] - Loss: 8.6589, Acc: 0.0000
2025-08-27 06:21:37,451 - root - INFO - Epoch 24 [50/314] - Loss: 7.9953, Acc: 0.0000
2025-08-27 06:22:36,168 - root - INFO - Epoch 24 [60/314] - Loss: 7.9972, Acc: 0.0312
2025-08-27 06:23:34,484 - root - INFO - Epoch 24 [70/314] - Loss: 8.3362, Acc: 0.0312
2025-08-27 06:24:33,332 - root - INFO - Epoch 24 [80/314] - Loss: 8.2554, Acc: 0.0625
2025-08-27 06:25:32,458 - root - INFO - Epoch 24 [90/314] - Loss: 8.4252, Acc: 0.0312
2025-08-27 06:26:31,481 - root - INFO - Epoch 24 [100/314] - Loss: 8.8419, Acc: 0.0312
2025-08-27 06:27:32,753 - root - INFO - Epoch 24 [110/314] - Loss: 8.4002, Acc: 0.0312
2025-08-27 06:28:31,930 - root - INFO - Epoch 24 [120/314] - Loss: 8.4275, Acc: 0.0312
2025-08-27 06:29:30,573 - root - INFO - Epoch 24 [130/314] - Loss: 8.2386, Acc: 0.0312
2025-08-27 06:30:28,710 - root - INFO - Epoch 24 [140/314] - Loss: 8.1338, Acc: 0.0312
2025-08-27 06:31:27,126 - root - INFO - Epoch 24 [150/314] - Loss: 7.8181, Acc: 0.0312
2025-08-27 06:32:25,784 - root - INFO - Epoch 24 [160/314] - Loss: 9.5428, Acc: 0.0000
2025-08-27 06:33:23,718 - root - INFO - Epoch 24 [170/314] - Loss: 8.3617, Acc: 0.0312
2025-08-27 06:34:21,964 - root - INFO - Epoch 24 [180/314] - Loss: 8.5804, Acc: 0.0625
2025-08-27 06:35:20,355 - root - INFO - Epoch 24 [190/314] - Loss: 8.5111, Acc: 0.0000
2025-08-27 06:36:18,363 - root - INFO - Epoch 24 [200/314] - Loss: 8.9879, Acc: 0.0000
2025-08-27 06:37:17,025 - root - INFO - Epoch 24 [210/314] - Loss: 8.7204, Acc: 0.0000
2025-08-27 06:38:15,429 - root - INFO - Epoch 24 [220/314] - Loss: 8.1907, Acc: 0.0000
2025-08-27 06:39:13,728 - root - INFO - Epoch 24 [230/314] - Loss: 8.3328, Acc: 0.0625
2025-08-27 06:40:12,389 - root - INFO - Epoch 24 [240/314] - Loss: 8.6951, Acc: 0.0312
2025-08-27 06:41:11,383 - root - INFO - Epoch 24 [250/314] - Loss: 8.2442, Acc: 0.0312
2025-08-27 06:42:09,663 - root - INFO - Epoch 24 [260/314] - Loss: 8.3715, Acc: 0.0625
2025-08-27 06:43:11,728 - root - INFO - Epoch 24 [270/314] - Loss: 7.9724, Acc: 0.0312
2025-08-27 06:44:11,373 - root - INFO - Epoch 24 [280/314] - Loss: 7.5936, Acc: 0.0625
2025-08-27 06:45:09,853 - root - INFO - Epoch 24 [290/314] - Loss: 8.3984, Acc: 0.0625
2025-08-27 06:46:08,323 - root - INFO - Epoch 24 [300/314] - Loss: 8.6097, Acc: 0.0312
2025-08-27 06:47:06,392 - root - INFO - Epoch 24 [310/314] - Loss: 8.2902, Acc: 0.0312
2025-08-27 06:47:27,477 - root - INFO - Epoch 24 completed - Avg Loss: 8.3637, Avg Acc: 0.0370
2025-08-27 06:51:25,819 - root - INFO - Validation Epoch 24 - Loss: 14.1140, Acc: 0.0000
2025-08-27 06:51:26,368 - root - INFO - Checkpoint saved at checkpoints\checkpoint_epoch_24.pt
2025-08-27 06:53:49,419 - root - INFO - Epoch 25 [10/314] - Loss: 8.0803, Acc: 0.0938
2025-08-27 06:54:47,203 - root - INFO - Epoch 25 [20/314] - Loss: 7.2144, Acc: 0.1250
2025-08-27 06:55:45,839 - root - INFO - Epoch 25 [30/314] - Loss: 7.6971, Acc: 0.0312
2025-08-27 06:56:44,230 - root - INFO - Epoch 25 [40/314] - Loss: 8.0198, Acc: 0.0312
2025-08-27 06:57:42,437 - root - INFO - Epoch 25 [50/314] - Loss: 8.1727, Acc: 0.0625
2025-08-27 06:58:40,797 - root - INFO - Epoch 25 [60/314] - Loss: 8.7783, Acc: 0.0312
2025-08-27 06:59:38,611 - root - INFO - Epoch 25 [70/314] - Loss: 7.8261, Acc: 0.0938
2025-08-27 07:00:36,029 - root - INFO - Epoch 25 [80/314] - Loss: 8.2295, Acc: 0.0312
2025-08-27 07:01:33,755 - root - INFO - Epoch 25 [90/314] - Loss: 7.8850, Acc: 0.0625
2025-08-27 07:02:31,588 - root - INFO - Epoch 25 [100/314] - Loss: 9.2452, Acc: 0.0312
2025-08-27 07:03:29,390 - root - INFO - Epoch 25 [110/314] - Loss: 8.5008, Acc: 0.0000
2025-08-27 07:04:27,282 - root - INFO - Epoch 25 [120/314] - Loss: 7.5203, Acc: 0.0938
2025-08-27 07:05:25,449 - root - INFO - Epoch 25 [130/314] - Loss: 8.5001, Acc: 0.0625
2025-08-27 07:06:23,493 - root - INFO - Epoch 25 [140/314] - Loss: 9.4259, Acc: 0.0312
2025-08-27 07:07:22,745 - root - INFO - Epoch 25 [150/314] - Loss: 7.4087, Acc: 0.0625
2025-08-27 07:08:22,148 - root - INFO - Epoch 25 [160/314] - Loss: 7.9753, Acc: 0.0625
2025-08-27 07:09:26,248 - root - INFO - Epoch 25 [170/314] - Loss: 8.4842, Acc: 0.0625
2025-08-27 07:10:25,128 - root - INFO - Epoch 25 [180/314] - Loss: 8.2162, Acc: 0.0938
2025-08-27 07:11:22,655 - root - INFO - Epoch 25 [190/314] - Loss: 8.2980, Acc: 0.0625
2025-08-27 07:12:20,607 - root - INFO - Epoch 25 [200/314] - Loss: 7.9843, Acc: 0.0625
2025-08-27 07:13:18,576 - root - INFO - Epoch 25 [210/314] - Loss: 8.6632, Acc: 0.0312
2025-08-27 07:14:16,788 - root - INFO - Epoch 25 [220/314] - Loss: 7.7026, Acc: 0.0625
2025-08-27 07:15:15,524 - root - INFO - Epoch 25 [230/314] - Loss: 8.4880, Acc: 0.0000
2025-08-27 07:16:14,143 - root - INFO - Epoch 25 [240/314] - Loss: 8.2373, Acc: 0.0312
2025-08-27 07:17:13,689 - root - INFO - Epoch 25 [250/314] - Loss: 7.3069, Acc: 0.1562
2025-08-27 07:18:12,001 - root - INFO - Epoch 25 [260/314] - Loss: 7.7929, Acc: 0.0312
2025-08-27 07:19:10,269 - root - INFO - Epoch 25 [270/314] - Loss: 8.2121, Acc: 0.0312
2025-08-27 07:20:08,102 - root - INFO - Epoch 25 [280/314] - Loss: 8.9962, Acc: 0.0000
2025-08-27 07:21:06,127 - root - INFO - Epoch 25 [290/314] - Loss: 8.6918, Acc: 0.0000
2025-08-27 07:22:04,438 - root - INFO - Epoch 25 [300/314] - Loss: 8.1482, Acc: 0.0312
2025-08-27 07:23:01,987 - root - INFO - Epoch 25 [310/314] - Loss: 8.7249, Acc: 0.0000
2025-08-27 07:23:22,927 - root - INFO - Epoch 25 completed - Avg Loss: 8.3208, Avg Acc: 0.0404
2025-08-27 07:27:21,148 - root - INFO - Validation Epoch 25 - Loss: 12.0756, Acc: 0.0000
2025-08-27 07:29:43,011 - root - INFO - Epoch 26 [10/314] - Loss: 8.1885, Acc: 0.0000
2025-08-27 07:30:41,679 - root - INFO - Epoch 26 [20/314] - Loss: 8.4238, Acc: 0.0312
2025-08-27 07:31:41,058 - root - INFO - Epoch 26 [30/314] - Loss: 8.2022, Acc: 0.0312
2025-08-27 07:32:39,623 - root - INFO - Epoch 26 [40/314] - Loss: 8.0284, Acc: 0.0312
2025-08-27 07:33:37,741 - root - INFO - Epoch 26 [50/314] - Loss: 8.0060, Acc: 0.0312
2025-08-27 07:34:35,477 - root - INFO - Epoch 26 [60/314] - Loss: 8.4497, Acc: 0.0000
2025-08-27 07:35:33,676 - root - INFO - Epoch 26 [70/314] - Loss: 8.2268, Acc: 0.0312
2025-08-27 07:36:32,377 - root - INFO - Epoch 26 [80/314] - Loss: 7.4504, Acc: 0.0625
2025-08-27 07:37:30,967 - root - INFO - Epoch 26 [90/314] - Loss: 7.9067, Acc: 0.0938
2025-08-27 07:38:28,523 - root - INFO - Epoch 26 [100/314] - Loss: 7.9871, Acc: 0.0625
2025-08-27 07:39:27,073 - root - INFO - Epoch 26 [110/314] - Loss: 8.1912, Acc: 0.0000
2025-08-27 07:40:25,861 - root - INFO - Epoch 26 [120/314] - Loss: 8.2843, Acc: 0.0625
2025-08-27 07:41:25,169 - root - INFO - Epoch 26 [130/314] - Loss: 8.5733, Acc: 0.0312
2025-08-27 07:42:22,903 - root - INFO - Epoch 26 [140/314] - Loss: 8.6952, Acc: 0.0000
2025-08-27 07:43:21,596 - root - INFO - Epoch 26 [150/314] - Loss: 8.3537, Acc: 0.0000
2025-08-27 07:44:19,420 - root - INFO - Epoch 26 [160/314] - Loss: 8.3732, Acc: 0.0000
2025-08-27 07:45:17,395 - root - INFO - Epoch 26 [170/314] - Loss: 8.3847, Acc: 0.0000
2025-08-27 07:46:15,403 - root - INFO - Epoch 26 [180/314] - Loss: 7.9264, Acc: 0.0938
2025-08-27 07:47:14,510 - root - INFO - Epoch 26 [190/314] - Loss: 8.7025, Acc: 0.0625
2025-08-27 07:48:12,578 - root - INFO - Epoch 26 [200/314] - Loss: 8.6086, Acc: 0.0000
2025-08-27 07:49:11,972 - root - INFO - Epoch 26 [210/314] - Loss: 7.6103, Acc: 0.0938
2025-08-27 07:50:10,125 - root - INFO - Epoch 26 [220/314] - Loss: 8.4527, Acc: 0.0000
2025-08-27 07:51:08,580 - root - INFO - Epoch 26 [230/314] - Loss: 9.1160, Acc: 0.0312
2025-08-27 07:52:08,377 - root - INFO - Epoch 26 [240/314] - Loss: 9.0748, Acc: 0.0312
2025-08-27 07:53:06,919 - root - INFO - Epoch 26 [250/314] - Loss: 8.0707, Acc: 0.0000
2025-08-27 07:54:05,883 - root - INFO - Epoch 26 [260/314] - Loss: 7.7773, Acc: 0.0312
2025-08-27 07:55:03,714 - root - INFO - Epoch 26 [270/314] - Loss: 8.5661, Acc: 0.0000
2025-08-27 07:56:01,561 - root - INFO - Epoch 26 [280/314] - Loss: 8.0023, Acc: 0.0625
2025-08-27 07:57:00,120 - root - INFO - Epoch 26 [290/314] - Loss: 7.8733, Acc: 0.0312
2025-08-27 07:57:58,772 - root - INFO - Epoch 26 [300/314] - Loss: 7.7549, Acc: 0.0625
2025-08-27 07:58:57,026 - root - INFO - Epoch 26 [310/314] - Loss: 9.3396, Acc: 0.0000
2025-08-27 07:59:17,709 - root - INFO - Epoch 26 completed - Avg Loss: 8.2649, Avg Acc: 0.0410
2025-08-27 08:03:13,766 - root - INFO - Validation Epoch 26 - Loss: 11.9599, Acc: 0.0000
2025-08-27 08:05:29,136 - root - INFO - Epoch 27 [10/314] - Loss: 7.8432, Acc: 0.0625
2025-08-27 08:06:27,190 - root - INFO - Epoch 27 [20/314] - Loss: 8.4041, Acc: 0.0312
2025-08-27 08:07:25,183 - root - INFO - Epoch 27 [30/314] - Loss: 7.9136, Acc: 0.0312
2025-08-27 08:08:22,554 - root - INFO - Epoch 27 [40/314] - Loss: 8.4748, Acc: 0.0000
2025-08-27 08:09:20,070 - root - INFO - Epoch 27 [50/314] - Loss: 8.1123, Acc: 0.0312
2025-08-27 08:10:18,355 - root - INFO - Epoch 27 [60/314] - Loss: 8.4100, Acc: 0.0938
2025-08-27 08:11:16,997 - root - INFO - Epoch 27 [70/314] - Loss: 7.6715, Acc: 0.0938
2025-08-27 08:12:15,170 - root - INFO - Epoch 27 [80/314] - Loss: 8.8423, Acc: 0.0000
2025-08-27 08:13:14,044 - root - INFO - Epoch 27 [90/314] - Loss: 7.8314, Acc: 0.0625
2025-08-27 08:14:11,790 - root - INFO - Epoch 27 [100/314] - Loss: 9.0813, Acc: 0.0000
2025-08-27 08:15:09,478 - root - INFO - Epoch 27 [110/314] - Loss: 8.5918, Acc: 0.0312
2025-08-27 08:16:07,732 - root - INFO - Epoch 27 [120/314] - Loss: 8.9268, Acc: 0.0000
2025-08-27 08:17:06,207 - root - INFO - Epoch 27 [130/314] - Loss: 8.8771, Acc: 0.0312
2025-08-27 08:18:04,572 - root - INFO - Epoch 27 [140/314] - Loss: 8.1102, Acc: 0.0625
2025-08-27 08:19:02,210 - root - INFO - Epoch 27 [150/314] - Loss: 8.6795, Acc: 0.0312
2025-08-27 08:19:59,856 - root - INFO - Epoch 27 [160/314] - Loss: 8.3275, Acc: 0.0312
2025-08-27 08:20:58,074 - root - INFO - Epoch 27 [170/314] - Loss: 8.5193, Acc: 0.0312
2025-08-27 08:21:57,015 - root - INFO - Epoch 27 [180/314] - Loss: 8.9061, Acc: 0.0312
2025-08-27 08:22:55,619 - root - INFO - Epoch 27 [190/314] - Loss: 8.3524, Acc: 0.0625
2025-08-27 08:23:54,021 - root - INFO - Epoch 27 [200/314] - Loss: 7.9909, Acc: 0.0625
2025-08-27 08:24:52,237 - root - INFO - Epoch 27 [210/314] - Loss: 8.3427, Acc: 0.0312
2025-08-27 08:25:51,782 - root - INFO - Epoch 27 [220/314] - Loss: 7.6456, Acc: 0.0625
2025-08-27 08:26:50,684 - root - INFO - Epoch 27 [230/314] - Loss: 8.2784, Acc: 0.0625
2025-08-27 08:27:49,768 - root - INFO - Epoch 27 [240/314] - Loss: 8.6808, Acc: 0.0312
2025-08-27 08:28:48,675 - root - INFO - Epoch 27 [250/314] - Loss: 8.5914, Acc: 0.0312
2025-08-27 08:29:47,544 - root - INFO - Epoch 27 [260/314] - Loss: 8.6221, Acc: 0.0312
2025-08-27 08:30:45,585 - root - INFO - Epoch 27 [270/314] - Loss: 8.2438, Acc: 0.0625
2025-08-27 08:31:46,017 - root - INFO - Epoch 27 [280/314] - Loss: 9.0500, Acc: 0.0312
2025-08-27 08:32:45,035 - root - INFO - Epoch 27 [290/314] - Loss: 7.8180, Acc: 0.1250
2025-08-27 08:33:44,006 - root - INFO - Epoch 27 [300/314] - Loss: 8.0211, Acc: 0.0938
2025-08-27 08:34:44,698 - root - INFO - Epoch 27 [310/314] - Loss: 8.2252, Acc: 0.0312
2025-08-27 08:35:06,102 - root - INFO - Epoch 27 completed - Avg Loss: 8.2594, Avg Acc: 0.0409
2025-08-27 08:38:58,958 - root - INFO - Validation Epoch 27 - Loss: 11.2287, Acc: 0.0000
2025-08-27 08:41:13,113 - root - INFO - Epoch 28 [10/314] - Loss: 8.3774, Acc: 0.0625
2025-08-27 08:42:12,101 - root - INFO - Epoch 28 [20/314] - Loss: 8.0341, Acc: 0.0625
2025-08-27 08:43:11,599 - root - INFO - Epoch 28 [30/314] - Loss: 7.9202, Acc: 0.0625
2025-08-27 08:44:10,025 - root - INFO - Epoch 28 [40/314] - Loss: 8.9511, Acc: 0.0312
2025-08-27 08:45:08,695 - root - INFO - Epoch 28 [50/314] - Loss: 8.4127, Acc: 0.0000
2025-08-27 08:46:07,204 - root - INFO - Epoch 28 [60/314] - Loss: 7.9215, Acc: 0.0625
2025-08-27 08:47:05,752 - root - INFO - Epoch 28 [70/314] - Loss: 8.2276, Acc: 0.0625
2025-08-27 08:48:04,863 - root - INFO - Epoch 28 [80/314] - Loss: 8.5900, Acc: 0.0000
2025-08-27 08:49:03,996 - root - INFO - Epoch 28 [90/314] - Loss: 8.1679, Acc: 0.0625
2025-08-27 08:50:02,668 - root - INFO - Epoch 28 [100/314] - Loss: 8.0418, Acc: 0.0312
2025-08-27 08:51:01,988 - root - INFO - Epoch 28 [110/314] - Loss: 9.0292, Acc: 0.0000
2025-08-27 08:52:01,042 - root - INFO - Epoch 28 [120/314] - Loss: 7.8626, Acc: 0.0625
2025-08-27 08:53:00,282 - root - INFO - Epoch 28 [130/314] - Loss: 8.1255, Acc: 0.0625
2025-08-27 08:53:58,878 - root - INFO - Epoch 28 [140/314] - Loss: 8.6639, Acc: 0.0000
2025-08-27 08:54:57,298 - root - INFO - Epoch 28 [150/314] - Loss: 8.6021, Acc: 0.0312
2025-08-27 08:55:55,978 - root - INFO - Epoch 28 [160/314] - Loss: 7.9141, Acc: 0.1250
2025-08-27 08:56:55,250 - root - INFO - Epoch 28 [170/314] - Loss: 9.0957, Acc: 0.0000
2025-08-27 08:57:53,915 - root - INFO - Epoch 28 [180/314] - Loss: 8.7940, Acc: 0.0000
2025-08-27 08:58:53,648 - root - INFO - Epoch 28 [190/314] - Loss: 8.6042, Acc: 0.0625
2025-08-27 08:59:52,505 - root - INFO - Epoch 28 [200/314] - Loss: 8.3696, Acc: 0.0938
2025-08-27 09:00:52,143 - root - INFO - Epoch 28 [210/314] - Loss: 7.4487, Acc: 0.0938
2025-08-27 09:01:50,930 - root - INFO - Epoch 28 [220/314] - Loss: 8.2840, Acc: 0.0625
2025-08-27 09:02:49,441 - root - INFO - Epoch 28 [230/314] - Loss: 8.2749, Acc: 0.0312
2025-08-27 09:03:48,071 - root - INFO - Epoch 28 [240/314] - Loss: 8.0912, Acc: 0.0938
2025-08-27 09:04:47,189 - root - INFO - Epoch 28 [250/314] - Loss: 7.8349, Acc: 0.0312
2025-08-27 09:05:46,126 - root - INFO - Epoch 28 [260/314] - Loss: 8.0206, Acc: 0.0625
2025-08-27 09:06:44,926 - root - INFO - Epoch 28 [270/314] - Loss: 8.5695, Acc: 0.0312
2025-08-27 09:07:43,659 - root - INFO - Epoch 28 [280/314] - Loss: 8.1163, Acc: 0.0938
2025-08-27 09:08:42,669 - root - INFO - Epoch 28 [290/314] - Loss: 8.5283, Acc: 0.0312
2025-08-27 09:09:41,696 - root - INFO - Epoch 28 [300/314] - Loss: 7.9712, Acc: 0.0625
2025-08-27 09:10:40,640 - root - INFO - Epoch 28 [310/314] - Loss: 8.6556, Acc: 0.0312
2025-08-27 09:11:01,813 - root - INFO - Epoch 28 completed - Avg Loss: 8.2858, Avg Acc: 0.0420
2025-08-27 09:14:48,665 - root - INFO - Validation Epoch 28 - Loss: 12.1738, Acc: 0.0000
2025-08-27 09:17:18,955 - root - INFO - Epoch 29 [10/314] - Loss: 8.2992, Acc: 0.0312
2025-08-27 09:18:18,808 - root - INFO - Epoch 29 [20/314] - Loss: 8.2727, Acc: 0.0312
2025-08-27 09:19:17,601 - root - INFO - Epoch 29 [30/314] - Loss: 7.0158, Acc: 0.1250
2025-08-27 09:20:16,079 - root - INFO - Epoch 29 [40/314] - Loss: 7.5976, Acc: 0.1250
2025-08-27 09:21:14,424 - root - INFO - Epoch 29 [50/314] - Loss: 7.9668, Acc: 0.0312
2025-08-27 09:22:13,399 - root - INFO - Epoch 29 [60/314] - Loss: 8.1741, Acc: 0.0312
2025-08-27 09:23:12,548 - root - INFO - Epoch 29 [70/314] - Loss: 7.8725, Acc: 0.0938
2025-08-27 09:24:11,500 - root - INFO - Epoch 29 [80/314] - Loss: 8.3039, Acc: 0.0000
2025-08-27 09:25:10,296 - root - INFO - Epoch 29 [90/314] - Loss: 8.6000, Acc: 0.0625
2025-08-27 09:26:09,299 - root - INFO - Epoch 29 [100/314] - Loss: 9.7140, Acc: 0.0000
2025-08-27 09:27:09,320 - root - INFO - Epoch 29 [110/314] - Loss: 7.9407, Acc: 0.0625
2025-08-27 09:28:08,441 - root - INFO - Epoch 29 [120/314] - Loss: 8.4637, Acc: 0.0625
2025-08-27 09:29:07,610 - root - INFO - Epoch 29 [130/314] - Loss: 8.1042, Acc: 0.0938
2025-08-27 09:30:06,425 - root - INFO - Epoch 29 [140/314] - Loss: 8.1655, Acc: 0.0312
2025-08-27 09:31:05,399 - root - INFO - Epoch 29 [150/314] - Loss: 8.0998, Acc: 0.0312
2025-08-27 09:32:05,448 - root - INFO - Epoch 29 [160/314] - Loss: 8.4736, Acc: 0.0312
2025-08-27 09:33:04,036 - root - INFO - Epoch 29 [170/314] - Loss: 8.5148, Acc: 0.0312
2025-08-27 09:34:02,970 - root - INFO - Epoch 29 [180/314] - Loss: 8.1462, Acc: 0.0312
2025-08-27 09:35:02,713 - root - INFO - Epoch 29 [190/314] - Loss: 7.9632, Acc: 0.0625
2025-08-27 09:36:01,296 - root - INFO - Epoch 29 [200/314] - Loss: 8.1209, Acc: 0.0625
2025-08-27 09:37:00,303 - root - INFO - Epoch 29 [210/314] - Loss: 8.0880, Acc: 0.0625
2025-08-27 09:37:59,299 - root - INFO - Epoch 29 [220/314] - Loss: 7.6386, Acc: 0.0938
2025-08-27 09:38:58,056 - root - INFO - Epoch 29 [230/314] - Loss: 7.7092, Acc: 0.0625
2025-08-27 09:39:57,033 - root - INFO - Epoch 29 [240/314] - Loss: 7.9977, Acc: 0.0625
2025-08-27 09:40:56,029 - root - INFO - Epoch 29 [250/314] - Loss: 8.9836, Acc: 0.0000
2025-08-27 09:41:55,205 - root - INFO - Epoch 29 [260/314] - Loss: 7.9672, Acc: 0.0312
2025-08-27 09:42:54,183 - root - INFO - Epoch 29 [270/314] - Loss: 8.3438, Acc: 0.0312
2025-08-27 09:43:53,700 - root - INFO - Epoch 29 [280/314] - Loss: 7.6063, Acc: 0.1250
2025-08-27 09:44:54,374 - root - INFO - Epoch 29 [290/314] - Loss: 8.2037, Acc: 0.0625
2025-08-27 09:45:54,686 - root - INFO - Epoch 29 [300/314] - Loss: 7.4642, Acc: 0.0625
2025-08-27 09:46:53,680 - root - INFO - Epoch 29 [310/314] - Loss: 8.5216, Acc: 0.0000
2025-08-27 09:47:15,021 - root - INFO - Epoch 29 completed - Avg Loss: 8.2274, Avg Acc: 0.0427
2025-08-27 09:51:11,281 - root - INFO - Validation Epoch 29 - Loss: 15.4081, Acc: 0.0000
2025-08-27 09:51:11,675 - root - INFO - Checkpoint saved at checkpoints\checkpoint_epoch_29.pt
2025-08-27 09:53:29,164 - root - INFO - Epoch 30 [10/314] - Loss: 7.5884, Acc: 0.1250
2025-08-27 09:54:28,118 - root - INFO - Epoch 30 [20/314] - Loss: 8.5734, Acc: 0.0000
2025-08-27 09:55:26,647 - root - INFO - Epoch 30 [30/314] - Loss: 8.5437, Acc: 0.0000
2025-08-27 09:56:25,478 - root - INFO - Epoch 30 [40/314] - Loss: 8.6849, Acc: 0.0312
2025-08-27 09:57:24,598 - root - INFO - Epoch 30 [50/314] - Loss: 8.0711, Acc: 0.0000
2025-08-27 09:58:23,672 - root - INFO - Epoch 30 [60/314] - Loss: 8.6666, Acc: 0.0625
2025-08-27 09:59:23,155 - root - INFO - Epoch 30 [70/314] - Loss: 8.6197, Acc: 0.0000
2025-08-27 10:00:22,143 - root - INFO - Epoch 30 [80/314] - Loss: 8.2820, Acc: 0.0625
2025-08-27 10:01:20,848 - root - INFO - Epoch 30 [90/314] - Loss: 7.6904, Acc: 0.0938
2025-08-27 10:02:20,249 - root - INFO - Epoch 30 [100/314] - Loss: 7.8193, Acc: 0.0938
2025-08-27 10:03:19,424 - root - INFO - Epoch 30 [110/314] - Loss: 7.3281, Acc: 0.1250
2025-08-27 10:04:19,266 - root - INFO - Epoch 30 [120/314] - Loss: 8.0750, Acc: 0.0938
2025-08-27 10:05:18,069 - root - INFO - Epoch 30 [130/314] - Loss: 8.1188, Acc: 0.0625
2025-08-27 10:06:16,892 - root - INFO - Epoch 30 [140/314] - Loss: 8.4901, Acc: 0.0312
2025-08-27 10:07:16,871 - root - INFO - Epoch 30 [150/314] - Loss: 8.3078, Acc: 0.0312
2025-08-27 10:08:16,047 - root - INFO - Epoch 30 [160/314] - Loss: 7.9886, Acc: 0.0938
2025-08-27 10:09:15,543 - root - INFO - Epoch 30 [170/314] - Loss: 8.6545, Acc: 0.0312
2025-08-27 10:10:14,717 - root - INFO - Epoch 30 [180/314] - Loss: 8.0932, Acc: 0.0625
2025-08-27 10:11:13,452 - root - INFO - Epoch 30 [190/314] - Loss: 8.0079, Acc: 0.0938
2025-08-27 10:12:15,277 - root - INFO - Epoch 30 [200/314] - Loss: 7.3956, Acc: 0.1250
2025-08-27 10:13:14,626 - root - INFO - Epoch 30 [210/314] - Loss: 7.8459, Acc: 0.0625
2025-08-27 10:14:14,389 - root - INFO - Epoch 30 [220/314] - Loss: 8.5266, Acc: 0.0312
2025-08-27 10:15:13,812 - root - INFO - Epoch 30 [230/314] - Loss: 8.5491, Acc: 0.0312
2025-08-27 10:16:12,301 - root - INFO - Epoch 30 [240/314] - Loss: 8.4131, Acc: 0.0312
2025-08-27 10:17:11,684 - root - INFO - Epoch 30 [250/314] - Loss: 7.8000, Acc: 0.0312
2025-08-27 10:18:10,825 - root - INFO - Epoch 30 [260/314] - Loss: 7.5509, Acc: 0.0938
2025-08-27 10:19:10,494 - root - INFO - Epoch 30 [270/314] - Loss: 7.7710, Acc: 0.0625
2025-08-27 10:20:10,665 - root - INFO - Epoch 30 [280/314] - Loss: 8.3377, Acc: 0.0312
2025-08-27 10:21:09,610 - root - INFO - Epoch 30 [290/314] - Loss: 7.5651, Acc: 0.0938
2025-08-27 10:22:08,312 - root - INFO - Epoch 30 [300/314] - Loss: 8.7065, Acc: 0.0312
2025-08-27 10:23:07,130 - root - INFO - Epoch 30 [310/314] - Loss: 7.8131, Acc: 0.0312
2025-08-27 10:23:28,460 - root - INFO - Epoch 30 completed - Avg Loss: 8.2575, Avg Acc: 0.0448
2025-08-27 10:27:18,361 - root - INFO - Validation Epoch 30 - Loss: 12.4171, Acc: 0.0000
2025-08-27 10:29:42,536 - root - INFO - Epoch 31 [10/314] - Loss: 7.9839, Acc: 0.0312
2025-08-27 10:30:41,768 - root - INFO - Epoch 31 [20/314] - Loss: 7.8178, Acc: 0.0312
2025-08-27 10:31:40,713 - root - INFO - Epoch 31 [30/314] - Loss: 8.0637, Acc: 0.0312
2025-08-27 10:32:40,071 - root - INFO - Epoch 31 [40/314] - Loss: 8.7618, Acc: 0.0625
2025-08-27 10:33:39,379 - root - INFO - Epoch 31 [50/314] - Loss: 7.8671, Acc: 0.0625
2025-08-27 10:34:38,912 - root - INFO - Epoch 31 [60/314] - Loss: 8.6631, Acc: 0.0000
2025-08-27 10:35:37,754 - root - INFO - Epoch 31 [70/314] - Loss: 7.4710, Acc: 0.0938
2025-08-27 10:36:37,172 - root - INFO - Epoch 31 [80/314] - Loss: 7.2253, Acc: 0.0938
2025-08-27 10:37:36,464 - root - INFO - Epoch 31 [90/314] - Loss: 7.8825, Acc: 0.0312
2025-08-27 10:38:35,086 - root - INFO - Epoch 31 [100/314] - Loss: 8.2879, Acc: 0.0312
2025-08-27 10:39:33,807 - root - INFO - Epoch 31 [110/314] - Loss: 7.9717, Acc: 0.0312
2025-08-27 10:40:32,313 - root - INFO - Epoch 31 [120/314] - Loss: 8.4585, Acc: 0.0000
2025-08-27 10:41:31,852 - root - INFO - Epoch 31 [130/314] - Loss: 8.4776, Acc: 0.0938
2025-08-27 10:42:30,822 - root - INFO - Epoch 31 [140/314] - Loss: 7.7369, Acc: 0.0938
2025-08-27 10:43:30,202 - root - INFO - Epoch 31 [150/314] - Loss: 8.5050, Acc: 0.0000
2025-08-27 10:44:29,146 - root - INFO - Epoch 31 [160/314] - Loss: 6.9367, Acc: 0.0938
2025-08-27 10:45:27,972 - root - INFO - Epoch 31 [170/314] - Loss: 8.3183, Acc: 0.0312
2025-08-27 10:46:26,998 - root - INFO - Epoch 31 [180/314] - Loss: 7.8074, Acc: 0.0625
2025-08-27 10:47:25,938 - root - INFO - Epoch 31 [190/314] - Loss: 7.6282, Acc: 0.0000
2025-08-27 10:48:24,473 - root - INFO - Epoch 31 [200/314] - Loss: 8.0612, Acc: 0.0625
2025-08-27 10:49:23,671 - root - INFO - Epoch 31 [210/314] - Loss: 7.8463, Acc: 0.0938
2025-08-27 10:50:22,769 - root - INFO - Epoch 31 [220/314] - Loss: 8.8559, Acc: 0.0000
2025-08-27 10:51:21,528 - root - INFO - Epoch 31 [230/314] - Loss: 8.0428, Acc: 0.0312
2025-08-27 10:52:21,344 - root - INFO - Epoch 31 [240/314] - Loss: 8.4357, Acc: 0.0312
2025-08-27 10:53:21,149 - root - INFO - Epoch 31 [250/314] - Loss: 8.2450, Acc: 0.0312
2025-08-27 10:54:20,228 - root - INFO - Epoch 31 [260/314] - Loss: 8.3035, Acc: 0.0312
2025-08-27 10:55:19,917 - root - INFO - Epoch 31 [270/314] - Loss: 7.4785, Acc: 0.1250
2025-08-27 10:56:19,796 - root - INFO - Epoch 31 [280/314] - Loss: 7.7346, Acc: 0.0312
2025-08-27 10:57:18,814 - root - INFO - Epoch 31 [290/314] - Loss: 8.0007, Acc: 0.0312
2025-08-27 10:58:17,814 - root - INFO - Epoch 31 [300/314] - Loss: 8.5233, Acc: 0.0000
2025-08-27 10:59:16,535 - root - INFO - Epoch 31 [310/314] - Loss: 8.0367, Acc: 0.0000
2025-08-27 10:59:37,413 - root - INFO - Epoch 31 completed - Avg Loss: 8.2022, Avg Acc: 0.0467
2025-08-27 11:03:23,879 - root - INFO - Validation Epoch 31 - Loss: 16.1766, Acc: 0.0000
2025-08-27 11:05:35,286 - root - INFO - Epoch 32 [10/314] - Loss: 8.1427, Acc: 0.1250
2025-08-27 11:06:36,217 - root - INFO - Epoch 32 [20/314] - Loss: 8.1122, Acc: 0.0625
2025-08-27 11:07:35,066 - root - INFO - Epoch 32 [30/314] - Loss: 7.8180, Acc: 0.0625
2025-08-27 11:12:41,135 - root - INFO - Epoch 32 [40/314] - Loss: 9.3214, Acc: 0.0312
2025-08-27 11:19:28,267 - root - INFO - Epoch 32 [50/314] - Loss: 8.6579, Acc: 0.0625
2025-08-27 11:21:40,973 - root - INFO - Epoch 32 [60/314] - Loss: 7.8317, Acc: 0.0938
2025-08-27 11:28:25,218 - root - INFO - Epoch 32 [70/314] - Loss: 9.0623, Acc: 0.0312
2025-08-27 11:29:30,087 - root - INFO - Epoch 32 [80/314] - Loss: 8.3796, Acc: 0.0625
2025-08-27 11:30:28,921 - root - INFO - Epoch 32 [90/314] - Loss: 8.1615, Acc: 0.0312
2025-08-27 11:32:01,647 - root - INFO - Epoch 32 [100/314] - Loss: 8.6069, Acc: 0.0312
2025-08-27 11:38:53,126 - root - INFO - Epoch 32 [110/314] - Loss: 7.8528, Acc: 0.0938
2025-08-27 11:39:53,862 - root - INFO - Epoch 32 [120/314] - Loss: 7.9285, Acc: 0.0625
2025-08-27 11:40:55,174 - root - INFO - Epoch 32 [130/314] - Loss: 7.6154, Acc: 0.0938
2025-08-27 11:41:57,200 - root - INFO - Epoch 32 [140/314] - Loss: 8.0903, Acc: 0.0625
2025-08-27 11:44:02,603 - root - INFO - Epoch 32 [150/314] - Loss: 8.1640, Acc: 0.0625
2025-08-27 11:52:32,715 - root - INFO - Epoch 32 [160/314] - Loss: 8.9132, Acc: 0.0000
2025-08-27 12:01:04,355 - root - INFO - Epoch 32 [170/314] - Loss: 8.1533, Acc: 0.0938
2025-08-27 12:09:37,941 - root - INFO - Epoch 32 [180/314] - Loss: 8.9487, Acc: 0.0312
2025-08-27 12:18:10,353 - root - INFO - Epoch 32 [190/314] - Loss: 8.0530, Acc: 0.0000
2025-08-27 12:26:44,801 - root - INFO - Epoch 32 [200/314] - Loss: 8.6402, Acc: 0.0312
2025-08-27 12:35:19,792 - root - INFO - Epoch 32 [210/314] - Loss: 8.1422, Acc: 0.0938
2025-08-27 12:43:49,241 - root - INFO - Epoch 32 [220/314] - Loss: 8.1134, Acc: 0.0625
2025-08-27 12:51:03,837 - root - INFO - Epoch 32 [230/314] - Loss: 8.3103, Acc: 0.0625
2025-08-27 12:57:16,284 - root - INFO - Epoch 32 [240/314] - Loss: 8.6784, Acc: 0.0000
2025-08-27 13:00:01,656 - root - INFO - Epoch 32 [250/314] - Loss: 7.7687, Acc: 0.0312
2025-08-27 13:01:05,005 - root - INFO - Epoch 32 [260/314] - Loss: 8.5430, Acc: 0.0312
2025-08-27 13:02:07,312 - root - INFO - Epoch 32 [270/314] - Loss: 7.8813, Acc: 0.0938
2025-08-27 13:03:09,578 - root - INFO - Epoch 32 [280/314] - Loss: 8.3552, Acc: 0.0938
2025-08-27 13:04:11,495 - root - INFO - Epoch 32 [290/314] - Loss: 7.6830, Acc: 0.0625
