2025-07-17 16:28:03,378 - WARNING - \u4f7f\u7528\u9ed8\u8ba4\u80cc\u666f\u566a\u58f0\u8def\u5f84
2025-07-17 16:28:03,443 - INFO - \u6570\u636e\u52a0\u8f7d: \u8bad\u7ec3\u96c6 10026 \u6837\u672c, \u9a8c\u8bc1\u96c6 0 \u6837\u672c
2025-07-17 16:28:03,444 - INFO - \u8bad\u7ec3\u5668\u521d\u59cb\u5316\u5b8c\u6210\uff0c\u4f7f\u7528\u8bbe\u5907: cpu
2025-07-17 16:28:03,445 - INFO - ===== \u5f00\u59cb\u521d\u59cb\u8bad\u7ec3 =====
2025-07-17 16:28:03,621 - INFO - \u6a21\u578b\u521d\u59cb\u5316:
ChaoticLSTM(
  (feature_extractor): Sequential(
    (0): Conv1d(1, 64, kernel_size=(5,), stride=(2,), padding=(2,))
    (1): BatchNorm1d(64, eps=1e-05, momentum=0.1, affine=True, track_running_stats=True)
    (2): ReLU()
    (3): MaxPool1d(kernel_size=2, stride=2, padding=0, dilation=1, ceil_mode=False)
    (4): Conv1d(64, 128, kernel_size=(3,), stride=(1,), padding=(1,))
    (5): BatchNorm1d(128, eps=1e-05, momentum=0.1, affine=True, track_running_stats=True)
    (6): ReLU()
    (7): MaxPool1d(kernel_size=2, stride=2, padding=0, dilation=1, ceil_mode=False)
  )
  (lstm): LSTM(128, 256, batch_first=True)
  (classifier): Linear(in_features=256, out_features=91, bias=True)
)
2025-07-17 16:28:03,623 - INFO - \u53ef\u8bad\u7ec3\u53c2\u6570: 444,379
