2025-09-21 12:45:52,077 - baseline_trainer - INFO - ============================================================
2025-09-21 12:45:52,077 - baseline_trainer - INFO - BASELINE MODELS TRAINING
2025-09-21 12:45:52,077 - baseline_trainer - INFO - ============================================================
2025-09-21 12:45:52,077 - baseline_trainer - INFO - Output directory: outputs/baselines
2025-09-21 12:45:52,078 - baseline_trainer - INFO - Configuration: {
  "num_speakers": 100,
  "batch_size": 32,
  "num_epochs": 100,
  "learning_rate": 0.001,
  "weight_decay": 0.0001,
  "hidden_dims": [
    256,
    128,
    64
  ],
  "dropout_rate": 0.3,
  "use_batch_norm": true,
  "n_mels": 80,
  "n_mfcc": 13,
  "sample_rate": 16000,
  "max_audio_length": 3.0,
  "data_dir": "/scratch/project_2003370/yueyao/Model/dataset/train-clean-100/LibriSpeech/train-clean-100",
  "device": "auto",
  "seed": 42,
  "optimizer": {
    "type": "adam",
    "params": {}
  },
  "scheduler": {
    "type": "step",
    "params": {
      "step_size": 30,
      "gamma": 0.5
    }
  },
  "early_stopping": {
    "patience": 15
  }
}
2025-09-21 12:45:52,099 - baseline_trainer - INFO - System info: {'platform': 'Linux-4.18.0-553.74.1.el8_10.x86_64-x86_64-with-glibc2.28', 'system': 'Linux', 'node': 'g1102.mahti.csc.fi', 'release': '4.18.0-553.74.1.el8_10.x86_64', 'version': '#1 SMP Sun Sep 7 09:23:35 EDT 2025', 'machine': 'x86_64', 'processor': 'x86_64', 'python_version': '3.12.10 (main, Jun  3 2025, 21:04:06) [GCC 8.5.0 20210514 (Red Hat 8.5.0-26)]', 'python_executable': '/usr/bin/python', 'cpu_count': 256, 'total_memory': 540285198336, 'available_memory': 462979911680, 'gpu_info': {'cuda_available': True, 'cuda_version': '12.6', 'gpu_count': 1, 'gpu_names': ['NVIDIA A100-SXM4-40GB MIG 1g.5gb']}, 'package_versions': {'numpy': '1.26.4', 'scipy': '1.13.1', 'scikit-learn': 'not installed', 'librosa': '0.11.0', 'soundfile': '0.13.1', 'torch': '2.7.1+cu126', 'tensorflow': 'not installed', 'matplotlib': '3.10.3', 'pandas': '2.3.0'}, 'git_info': {'commit_hash': 'unknown', 'branch': 'unknown', 'is_dirty': True}}
2025-09-21 12:45:52,099 - baseline_trainer - INFO - Training 1 methods with 1 runs each...
2025-09-21 12:45:52,100 - baseline_trainer - INFO - Methods: ['mel_mlp']
2025-09-21 12:45:52,100 - baseline_trainer - INFO - 
==================================================
2025-09-21 12:45:52,100 - baseline_trainer - INFO - TRAINING METHOD: MEL_MLP
2025-09-21 12:45:52,100 - baseline_trainer - INFO - ==================================================
2025-09-21 12:45:52,100 - baseline_trainer - INFO - Training mel_mlp (Run 1)...
2025-09-21 12:45:52,107 - baseline_trainer - INFO - Setting up mel_mlp...
2025-09-21 12:45:52,108 - baseline_trainer - ERROR - Failed to train mel_mlp (Run 1): 未找到LibriSpeech数据集，检查过的路径: [PosixPath('/scratch/project_2003370/yueyao/Model/dataset/train-clean-100/LibriSpeech/train-clean-100'), PosixPath('/scratch/project_2003370/yueyao/Model/dataset/train-clean-100/dataset/train-clean-100/LibriSpeech/train-clean-100'), PosixPath('/dataset/train-clean-100/LibriSpeech/train-clean-100')]
2025-09-21 12:45:52,108 - baseline_trainer - INFO - Progress: 1/1 (100.0%)
2025-09-21 12:45:52,108 - baseline_trainer - WARNING - No successful runs for mel_mlp
2025-09-21 12:45:52,108 - baseline_trainer - INFO - Analyzing baseline training results...
2025-09-21 12:45:52,108 - baseline_trainer - INFO - Generating baseline training report...
2025-09-21 12:45:52,127 - baseline_trainer - INFO - Reports saved:
2025-09-21 12:45:52,128 - baseline_trainer - INFO -   Text report: outputs/baselines/baseline_training_report.txt
2025-09-21 12:45:52,128 - baseline_trainer - INFO -   JSON report: outputs/baselines/baseline_training_results.json
2025-09-21 12:45:52,128 - baseline_trainer - INFO - Baseline training completed.
2025-09-21 12:45:52,128 - baseline_trainer - INFO - ============================================================
